        INFO: pocketsphinx.c(152): Parsed model-specific feature parameters from /home/pankaj/GSoC/New_an4/an4/model_parameters/an4.cd_cont_200/feat.params
Current configuration:
[NAME]			[DEFLT]		[VALUE]
-agc			none		none
-agcthresh		2.0		2.000000e+00
-allphone				
-allphone_ci		yes		yes
-alpha			0.97		9.700000e-01
-ascale			20.0		2.000000e+01
-aw			1		1
-backtrace		no		no
-beam			1e-48		1.000000e-80
-bestpath		yes		yes
-bestpathlw		9.5		1.000000e+01
-ceplen			13		13
-cmn			live		batch
-cmninit		40,3,-1		40,3,-1
-compallsen		no		no
-debug					0
-dict					/home/pankaj/GSoC/New_an4/an4/etc/an4.dic
-dictcase		no		no
-dither			no		no
-doublebw		no		no
-ds			1		1
-fdict					
-feat			1s_c_d_dd	1s_c_d_dd
-featparams				
-fillprob		1e-8		1.000000e-08
-frate			100		100
-fsg					
-fsgusealtpron		yes		yes
-fsgusefiller		yes		yes
-fwdflat		yes		yes
-fwdflatbeam		1e-64		1.000000e-80
-fwdflatefwid		4		4
-fwdflatlw		8.5		1.000000e+01
-fwdflatsfwin		25		25
-fwdflatwbeam		7e-29		1.000000e-40
-fwdtree		yes		yes
-hmm					/home/pankaj/GSoC/New_an4/an4/model_parameters/an4.cd_cont_200
-input_endian		little		little
-jsgf					/home/pankaj/GSoC/New_an4/an4/etc/an4.jsgf
-keyphrase				
-kws					
-kws_delay		10		10
-kws_plp		1e-1		1.000000e-01
-kws_threshold		1e-30		1.000000e-30
-latsize		5000		5000
-lda					
-ldadim			0		0
-lifter			0		22
-lm					
-lmctl					
-lmname					
-logbase		1.0001		1.000100e+00
-logfn					
-logspec		no		no
-lowerf			133.33334	1.300000e+02
-lpbeam			1e-40		1.000000e-80
-lponlybeam		7e-29		1.000000e-80
-lw			6.5		1.000000e+01
-maxhmmpf		30000		30000
-maxwpf			-1		-1
-mdef					
-mean					
-mfclogdir				
-min_endfr		0		0
-mixw					
-mixwfloor		0.0000001	1.000000e-07
-mllr					
-mmap			yes		yes
-ncep			13		13
-nfft			512		512
-nfilt			40		25
-nwpen			1.0		1.000000e+00
-pbeam			1e-48		1.000000e-80
-pip			1.0		1.000000e+00
-pl_beam		1e-10		1.000000e-10
-pl_pbeam		1e-10		1.000000e-10
-pl_pip			1.0		1.000000e+00
-pl_weight		3.0		3.000000e+00
-pl_window		5		5
-rawlogdir				
-remove_dc		no		no
-remove_noise		yes		yes
-remove_silence		yes		yes
-round_filters		yes		yes
-samprate		16000		1.600000e+04
-seed			-1		-1
-sendump				
-senlogdir				
-senmgau				
-silprob		0.005		5.000000e-03
-smoothspec		no		no
-svspec					
-tmat					
-tmatfloor		0.0001		1.000000e-04
-topn			4		4
-topn_beam		0		0
-toprule				
-transform		legacy		dct
-unit_area		yes		yes
-upperf			6855.4976	6.800000e+03
-uw			1.0		1.000000e+00
-vad_postspeech		50		50
-vad_prespeech		20		20
-vad_startspeech	10		10
-vad_threshold		3.0		3.000000e+00
-var					
-varfloor		0.0001		1.000000e-04
-varnorm		no		no
-verbose		no		no
-warp_params				
-warp_type		inverse_linear	inverse_linear
-wbeam			7e-29		1.000000e-40
-wip			0.65		2.000000e-01
-wlen			0.025625	2.562500e-02

INFO: feat.c(715): Initializing feature stream to type: '1s_c_d_dd', ceplen=13, CMN='batch', VARNORM='no', AGC='none'
INFO: mdef.c(518): Reading model definition: /home/pankaj/GSoC/New_an4/an4/model_parameters/an4.cd_cont_200/mdef
INFO: bin_mdef.c(181): Allocating 18 * 8 bytes (0 KiB) for CD tree
INFO: tmat.c(149): Reading HMM transition probability matrices: /home/pankaj/GSoC/New_an4/an4/model_parameters/an4.cd_cont_200/transition_matrices
INFO: acmod.c(113): Attempting to use PTM computation module
INFO: ms_gauden.c(127): Reading mixture gaussian parameter: /home/pankaj/GSoC/New_an4/an4/model_parameters/an4.cd_cont_200/means
INFO: ms_gauden.c(242): 18 codebook, 1 feature, size: 
INFO: ms_gauden.c(244):  8x39
INFO: ms_gauden.c(127): Reading mixture gaussian parameter: /home/pankaj/GSoC/New_an4/an4/model_parameters/an4.cd_cont_200/variances
INFO: ms_gauden.c(242): 18 codebook, 1 feature, size: 
INFO: ms_gauden.c(244):  8x39
INFO: ms_gauden.c(304): 0 variance values floored
INFO: ptm_mgau.c(808): Number of codebooks doesn't match number of ciphones, doesn't look like PTM: 18 != 2
INFO: acmod.c(115): Attempting to use semi-continuous computation module
INFO: ms_gauden.c(127): Reading mixture gaussian parameter: /home/pankaj/GSoC/New_an4/an4/model_parameters/an4.cd_cont_200/means
INFO: ms_gauden.c(242): 18 codebook, 1 feature, size: 
INFO: ms_gauden.c(244):  8x39
INFO: ms_gauden.c(127): Reading mixture gaussian parameter: /home/pankaj/GSoC/New_an4/an4/model_parameters/an4.cd_cont_200/variances
INFO: ms_gauden.c(242): 18 codebook, 1 feature, size: 
INFO: ms_gauden.c(244):  8x39
INFO: ms_gauden.c(304): 0 variance values floored
INFO: acmod.c(117): Falling back to general multi-stream GMM computation
INFO: ms_gauden.c(127): Reading mixture gaussian parameter: /home/pankaj/GSoC/New_an4/an4/model_parameters/an4.cd_cont_200/means
INFO: ms_gauden.c(242): 18 codebook, 1 feature, size: 
INFO: ms_gauden.c(244):  8x39
INFO: ms_gauden.c(127): Reading mixture gaussian parameter: /home/pankaj/GSoC/New_an4/an4/model_parameters/an4.cd_cont_200/variances
INFO: ms_gauden.c(242): 18 codebook, 1 feature, size: 
INFO: ms_gauden.c(244):  8x39
INFO: ms_gauden.c(304): 0 variance values floored
INFO: ms_senone.c(149): Reading senone mixture weights: /home/pankaj/GSoC/New_an4/an4/model_parameters/an4.cd_cont_200/mixture_weights
INFO: ms_senone.c(200): Truncating senone logs3(pdf) values by 10 bits
INFO: ms_senone.c(207): Not transposing mixture weights in memory
INFO: ms_senone.c(268): Read mixture weights for 18 senones: 1 features x 8 codewords
INFO: ms_senone.c(320): Mapping senones to individual codebooks
INFO: ms_mgau.c(144): The value of topn: 4
INFO: phone_loop_search.c(114): State beam -225 Phone exit beam -225 Insertion penalty 0
INFO: dict.c(320): Allocating 4100 * 32 bytes (128 KiB) for word entries
INFO: dict.c(333): Reading main dictionary: /home/pankaj/GSoC/New_an4/an4/etc/an4.dic
INFO: dict.c(213): Dictionary size 1, allocated 0 KiB for strings, 0 KiB for phones
INFO: dict.c(336): 1 words read
INFO: dict.c(358): Reading filler dictionary: /home/pankaj/GSoC/New_an4/an4/model_parameters/an4.cd_cont_200/noisedict
INFO: dict.c(213): Dictionary size 4, allocated 0 KiB for strings, 0 KiB for phones
INFO: dict.c(361): 3 words read
INFO: dict2pid.c(396): Building PID tables for dictionary
INFO: dict2pid.c(406): Allocating 2^3 * 2 bytes (0 KiB) for word-initial triphones
INFO: dict2pid.c(132): Allocated 112 bytes (0 KiB) for word-final triphones
INFO: dict2pid.c(196): Allocated 112 bytes (0 KiB) for single-phone word triphones
INFO: jsgf.c(706): Defined rule: <simple.g00000>
INFO: jsgf.c(706): Defined rule: <simple.g00001>
INFO: jsgf.c(706): Defined rule: <simple.g00002>
INFO: jsgf.c(706): Defined rule: PUBLIC <simple.vad>
INFO: jsgf.c(365): Right recursion <simple.g00002> 2 => 0
INFO: fsg_model.c(208): Computing transitive closure for null transitions
INFO: fsg_model.c(270): 1 null transitions added
INFO: fsg_search.c(227): FSG(beam: -1799, pbeam: -1799, wbeam: -900; wip: -158, pip: 0)
INFO: fsg_model.c(423): Adding silence transitions for <sil> to FSG
INFO: fsg_model.c(443): Added 3 silence word transitions
INFO: fsg_search.c(173): Added 0 alternate word transitions
INFO: fsg_lextree.c(110): Allocated 18 bytes (0 KiB) for left and right context phones
INFO: fsg_lextree.c(256): 5 HMM nodes in lextree (5 leaves)
INFO: fsg_lextree.c(259): Allocated 720 bytes (0 KiB) for all lextree nodes
INFO: fsg_lextree.c(262): Allocated 720 bytes (0 KiB) for lextree leafnodes
INFO: batch.c(729): Decoding 'an4test_clstk/fcaw/an406-fcaw-b'
INFO: cmn.c(133): CMN: 45.12  0.45 10.18 11.27 -3.35 10.71  4.17  3.12  4.68  0.93 -3.33  3.06  0.25 
INFO: fsg_search.c(859): 399 frames, 1985 HMMs (4/fr), 3561 senones (8/fr), 3354 history entries (8/fr)

INFO: fsg_search.c(869): fsg 0.00 CPU 0.001 xRT
INFO: fsg_search.c(871): fsg 0.00 wall 0.001 xRT
INFO: batch.c(761): an4test_clstk/fcaw/an406-fcaw-b: 3.99 seconds speech, 0.00 seconds CPU, 0.00 seconds wall
INFO: batch.c(763): an4test_clstk/fcaw/an406-fcaw-b: 0.00 xRT (CPU), 0.00 xRT (elapsed)
speech speech speech speech speech (an4test_clstk/fcaw/an406-fcaw-b -7801)
an4test_clstk/fcaw/an406-fcaw-b done --------------------------------------
INFO: batch.c(729): Decoding 'an4test_clstk/fcaw/an407-fcaw-b'
INFO: cmn.c(133): CMN: 47.05 -3.44 13.74 12.71 -6.99  5.49  0.86  2.49 -4.87  2.88 -0.47  7.40  2.92 
INFO: fsg_search.c(859): 389 frames, 1942 HMMs (4/fr), 3492 senones (8/fr), 3402 history entries (8/fr)

INFO: fsg_search.c(869): fsg 0.00 CPU 0.001 xRT
INFO: fsg_search.c(871): fsg 0.00 wall 0.001 xRT
INFO: batch.c(761): an4test_clstk/fcaw/an407-fcaw-b: 3.89 seconds speech, 0.00 seconds CPU, 0.00 seconds wall
INFO: batch.c(763): an4test_clstk/fcaw/an407-fcaw-b: 0.00 xRT (CPU), 0.00 xRT (elapsed)
speech speech speech speech speech speech (an4test_clstk/fcaw/an407-fcaw-b -8400)
an4test_clstk/fcaw/an407-fcaw-b done --------------------------------------
INFO: batch.c(729): Decoding 'an4test_clstk/fcaw/an408-fcaw-b'
INFO: cmn.c(133): CMN: 47.91 -1.31 19.60 18.13 -11.82  7.69  2.31 -2.69  3.01  2.90 -2.96  4.09  4.75 
INFO: fsg_search.c(859): 309 frames, 1542 HMMs (4/fr), 2772 senones (8/fr), 2724 history entries (8/fr)

INFO: fsg_search.c(869): fsg 0.00 CPU 0.001 xRT
INFO: fsg_search.c(871): fsg 0.00 wall 0.001 xRT
INFO: batch.c(761): an4test_clstk/fcaw/an408-fcaw-b: 3.09 seconds speech, 0.00 seconds CPU, 0.00 seconds wall
INFO: batch.c(763): an4test_clstk/fcaw/an408-fcaw-b: 0.00 xRT (CPU), 0.00 xRT (elapsed)
speech speech speech (an4test_clstk/fcaw/an408-fcaw-b -5692)
an4test_clstk/fcaw/an408-fcaw-b done --------------------------------------
INFO: batch.c(729): Decoding 'an4test_clstk/fcaw/an409-fcaw-b'
INFO: cmn.c(133): CMN: 43.57  8.22  3.34 -8.32 -3.06 10.73 -0.27 -5.74 -1.89  0.39 -6.55  4.75 -0.71 
INFO: fsg_search.c(859): 79 frames, 392 HMMs (4/fr), 702 senones (8/fr), 600 history entries (7/fr)

INFO: fsg_search.c(869): fsg 0.00 CPU 0.000 xRT
INFO: fsg_search.c(871): fsg 0.00 wall 0.001 xRT
INFO: batch.c(761): an4test_clstk/fcaw/an409-fcaw-b: 0.79 seconds speech, 0.00 seconds CPU, 0.00 seconds wall
INFO: batch.c(763): an4test_clstk/fcaw/an409-fcaw-b: 0.00 xRT (CPU), 0.00 xRT (elapsed)
speech speech (an4test_clstk/fcaw/an409-fcaw-b -1947)
an4test_clstk/fcaw/an409-fcaw-b done --------------------------------------
INFO: batch.c(729): Decoding 'an4test_clstk/fcaw/an410-fcaw-b'
INFO: cmn.c(133): CMN: 48.54  5.83  8.27  4.95 -2.36  8.43  1.43 12.14  6.64 -4.46 -0.11  3.09 -2.21 
INFO: fsg_search.c(859): 342 frames, 1689 HMMs (4/fr), 3015 senones (8/fr), 2781 history entries (8/fr)

INFO: fsg_search.c(869): fsg 0.00 CPU 0.001 xRT
INFO: fsg_search.c(871): fsg 0.00 wall 0.001 xRT
INFO: batch.c(761): an4test_clstk/fcaw/an410-fcaw-b: 3.42 seconds speech, 0.00 seconds CPU, 0.00 seconds wall
INFO: batch.c(763): an4test_clstk/fcaw/an410-fcaw-b: 0.00 xRT (CPU), 0.00 xRT (elapsed)
speech speech speech speech speech speech (an4test_clstk/fcaw/an410-fcaw-b -7057)
an4test_clstk/fcaw/an410-fcaw-b done --------------------------------------
INFO: batch.c(729): Decoding 'an4test_clstk/fcaw/cen1-fcaw-b'
INFO: cmn.c(133): CMN: 46.10  6.48 12.92  9.95 -5.18 14.83 -4.26 -7.88  2.50  6.09 -1.47  9.13  2.48 
INFO: fsg_search.c(859): 229 frames, 1142 HMMs (4/fr), 2052 senones (8/fr), 2046 history entries (8/fr)

INFO: fsg_search.c(869): fsg 0.00 CPU 0.002 xRT
INFO: fsg_search.c(871): fsg 0.00 wall 0.001 xRT
INFO: batch.c(761): an4test_clstk/fcaw/cen1-fcaw-b: 2.29 seconds speech, 0.00 seconds CPU, 0.00 seconds wall
INFO: batch.c(763): an4test_clstk/fcaw/cen1-fcaw-b: 0.00 xRT (CPU), 0.00 xRT (elapsed)
speech speech speech (an4test_clstk/fcaw/cen1-fcaw-b -4814)
an4test_clstk/fcaw/cen1-fcaw-b done --------------------------------------
INFO: batch.c(729): Decoding 'an4test_clstk/fcaw/cen2-fcaw-b'
INFO: cmn.c(133): CMN: 45.90 -1.94 10.29 13.99 -8.76 11.79  4.57  1.83 -0.88  5.81 -8.06  7.05 -0.03 
INFO: fsg_search.c(859): 289 frames, 1415 HMMs (4/fr), 2511 senones (8/fr), 2286 history entries (7/fr)

INFO: fsg_search.c(869): fsg 0.00 CPU 0.001 xRT
INFO: fsg_search.c(871): fsg 0.00 wall 0.001 xRT
INFO: batch.c(761): an4test_clstk/fcaw/cen2-fcaw-b: 2.89 seconds speech, 0.00 seconds CPU, 0.00 seconds wall
INFO: batch.c(763): an4test_clstk/fcaw/cen2-fcaw-b: 0.00 xRT (CPU), 0.00 xRT (elapsed)
speech speech speech speech speech (an4test_clstk/fcaw/cen2-fcaw-b -5876)
an4test_clstk/fcaw/cen2-fcaw-b done --------------------------------------
INFO: batch.c(729): Decoding 'an4test_clstk/fcaw/cen3-fcaw-b'
INFO: cmn.c(133): CMN: 45.67 -0.21  9.66 12.67 -3.48  4.09  0.16  9.16  0.23 -0.62 -0.69  3.11 -1.18 
INFO: fsg_search.c(859): 189 frames, 942 HMMs (4/fr), 1692 senones (8/fr), 1680 history entries (8/fr)

INFO: fsg_search.c(869): fsg 0.00 CPU 0.000 xRT
INFO: fsg_search.c(871): fsg 0.00 wall 0.002 xRT
INFO: batch.c(761): an4test_clstk/fcaw/cen3-fcaw-b: 1.89 seconds speech, 0.00 seconds CPU, 0.00 seconds wall
INFO: batch.c(763): an4test_clstk/fcaw/cen3-fcaw-b: 0.00 xRT (CPU), 0.00 xRT (elapsed)
speech speech (an4test_clstk/fcaw/cen3-fcaw-b -4314)
an4test_clstk/fcaw/cen3-fcaw-b done --------------------------------------
INFO: batch.c(729): Decoding 'an4test_clstk/fcaw/cen4-fcaw-b'
INFO: cmn.c(133): CMN: 48.48 -0.34 14.65 12.68 -6.34 12.89  2.91  5.62  4.76  0.74 -3.13  5.48  0.18 
INFO: fsg_search.c(859): 280 frames, 1397 HMMs (4/fr), 2511 senones (8/fr), 2505 history entries (8/fr)

INFO: fsg_search.c(869): fsg 0.00 CPU 0.001 xRT
INFO: fsg_search.c(871): fsg 0.00 wall 0.001 xRT
INFO: batch.c(761): an4test_clstk/fcaw/cen4-fcaw-b: 2.80 seconds speech, 0.00 seconds CPU, 0.00 seconds wall
INFO: batch.c(763): an4test_clstk/fcaw/cen4-fcaw-b: 0.00 xRT (CPU), 0.00 xRT (elapsed)
 (an4test_clstk/fcaw/cen4-fcaw-b -6228)
an4test_clstk/fcaw/cen4-fcaw-b done --------------------------------------
INFO: batch.c(729): Decoding 'an4test_clstk/fcaw/cen5-fcaw-b'
INFO: cmn.c(133): CMN: 46.72 -3.53 14.07 12.01 -11.72  7.56 -0.26  0.70  2.37  3.06 -1.89  5.85  0.96 
INFO: fsg_search.c(859): 584 frames, 2917 HMMs (4/fr), 5247 senones (8/fr), 5202 history entries (8/fr)

INFO: fsg_search.c(869): fsg 0.01 CPU 0.001 xRT
INFO: fsg_search.c(871): fsg 0.01 wall 0.001 xRT
INFO: batch.c(761): an4test_clstk/fcaw/cen5-fcaw-b: 5.84 seconds speech, 0.01 seconds CPU, 0.01 seconds wall
INFO: batch.c(763): an4test_clstk/fcaw/cen5-fcaw-b: 0.00 xRT (CPU), 0.00 xRT (elapsed)
speech speech speech speech speech (an4test_clstk/fcaw/cen5-fcaw-b -11307)
an4test_clstk/fcaw/cen5-fcaw-b done --------------------------------------
INFO: batch.c(729): Decoding 'an4test_clstk/fcaw/cen6-fcaw-b'
INFO: cmn.c(133): CMN: 47.88 -5.49  9.31 10.48 -2.73  6.39 -4.12  6.01  2.68 -0.07 -3.03  6.62  2.91 
INFO: fsg_search.c(859): 289 frames, 1442 HMMs (4/fr), 2592 senones (8/fr), 2310 history entries (7/fr)

INFO: fsg_search.c(869): fsg 0.00 CPU 0.001 xRT
INFO: fsg_search.c(871): fsg 0.00 wall 0.001 xRT
INFO: batch.c(761): an4test_clstk/fcaw/cen6-fcaw-b: 2.89 seconds speech, 0.00 seconds CPU, 0.00 seconds wall
INFO: batch.c(763): an4test_clstk/fcaw/cen6-fcaw-b: 0.00 xRT (CPU), 0.00 xRT (elapsed)
speech speech speech speech speech speech (an4test_clstk/fcaw/cen6-fcaw-b -6266)
an4test_clstk/fcaw/cen6-fcaw-b done --------------------------------------
INFO: batch.c(729): Decoding 'an4test_clstk/fcaw/cen7-fcaw-b'
INFO: cmn.c(133): CMN: 49.12 -0.71  7.31  4.31 -5.90  1.95 -1.67  5.52  2.31  4.29 -6.67  6.94  1.16 
INFO: fsg_search.c(859): 350 frames, 1716 HMMs (4/fr), 3048 senones (8/fr), 2679 history entries (7/fr)

INFO: fsg_search.c(869): fsg 0.00 CPU 0.001 xRT
INFO: fsg_search.c(871): fsg 0.01 wall 0.002 xRT
INFO: batch.c(761): an4test_clstk/fcaw/cen7-fcaw-b: 3.50 seconds speech, 0.00 seconds CPU, 0.01 seconds wall
INFO: batch.c(763): an4test_clstk/fcaw/cen7-fcaw-b: 0.00 xRT (CPU), 0.00 xRT (elapsed)
speech speech speech speech speech speech speech speech (an4test_clstk/fcaw/cen7-fcaw-b -7698)
an4test_clstk/fcaw/cen7-fcaw-b done --------------------------------------
INFO: batch.c(729): Decoding 'an4test_clstk/fcaw/cen8-fcaw-b'
INFO: cmn.c(133): CMN: 46.48 -0.91  9.32  8.39  0.48  2.22  1.85  6.39  1.31  0.17 -1.37  7.43 -3.14 
INFO: fsg_search.c(859): 289 frames, 1430 HMMs (4/fr), 2556 senones (8/fr), 2118 history entries (7/fr)

INFO: fsg_search.c(869): fsg 0.00 CPU 0.001 xRT
INFO: fsg_search.c(871): fsg 0.00 wall 0.001 xRT
INFO: batch.c(761): an4test_clstk/fcaw/cen8-fcaw-b: 2.89 seconds speech, 0.00 seconds CPU, 0.00 seconds wall
INFO: batch.c(763): an4test_clstk/fcaw/cen8-fcaw-b: 0.00 xRT (CPU), 0.00 xRT (elapsed)
speech speech speech speech speech (an4test_clstk/fcaw/cen8-fcaw-b -5152)
an4test_clstk/fcaw/cen8-fcaw-b done --------------------------------------
INFO: batch.c(729): Decoding 'an4test_clstk/fjlp/an416-fjlp-b'
INFO: cmn.c(133): CMN: 38.44  9.86 -3.32  6.65 -5.04  4.74 -0.91  1.86 -1.42  1.22 -5.67  4.42  0.62 
INFO: fsg_search.c(859): 79 frames, 392 HMMs (4/fr), 702 senones (8/fr), 612 history entries (7/fr)

INFO: fsg_search.c(869): fsg 0.00 CPU 0.000 xRT
INFO: fsg_search.c(871): fsg 0.00 wall 0.001 xRT
INFO: batch.c(761): an4test_clstk/fjlp/an416-fjlp-b: 0.79 seconds speech, 0.00 seconds CPU, 0.00 seconds wall
INFO: batch.c(763): an4test_clstk/fjlp/an416-fjlp-b: 0.00 xRT (CPU), 0.00 xRT (elapsed)
speech speech (an4test_clstk/fjlp/an416-fjlp-b -1751)
an4test_clstk/fjlp/an416-fjlp-b done --------------------------------------
INFO: batch.c(729): Decoding 'an4test_clstk/fjlp/an417-fjlp-b'
INFO: cmn.c(133): CMN: 50.10 10.98 -7.28  8.94 -8.38  0.36 -10.48  5.34  8.46  1.50 -5.00  3.88  3.84 
INFO: fsg_search.c(859): 233 frames, 1120 HMMs (4/fr), 1962 senones (8/fr), 1434 history entries (6/fr)

INFO: fsg_search.c(869): fsg 0.00 CPU 0.002 xRT
INFO: fsg_search.c(871): fsg 0.00 wall 0.001 xRT
INFO: batch.c(761): an4test_clstk/fjlp/an417-fjlp-b: 2.33 seconds speech, 0.00 seconds CPU, 0.00 seconds wall
INFO: batch.c(763): an4test_clstk/fjlp/an417-fjlp-b: 0.00 xRT (CPU), 0.00 xRT (elapsed)
speech speech speech speech speech (an4test_clstk/fjlp/an417-fjlp-b -4108)
an4test_clstk/fjlp/an417-fjlp-b done --------------------------------------
INFO: batch.c(729): Decoding 'an4test_clstk/fjlp/an418-fjlp-b'
INFO: cmn.c(133): CMN: 49.46  7.76 -5.72 14.92 -10.57 -4.66 -10.85  7.20 -1.43  3.86 -7.02  2.35  4.23 
INFO: fsg_search.c(859): 196 frames, 966 HMMs (4/fr), 1722 senones (8/fr), 1527 history entries (7/fr)

INFO: fsg_search.c(869): fsg 0.00 CPU 0.000 xRT
INFO: fsg_search.c(871): fsg 0.00 wall 0.001 xRT
INFO: batch.c(761): an4test_clstk/fjlp/an418-fjlp-b: 1.96 seconds speech, 0.00 seconds CPU, 0.00 seconds wall
INFO: batch.c(763): an4test_clstk/fjlp/an418-fjlp-b: 0.00 xRT (CPU), 0.00 xRT (elapsed)
speech speech speech (an4test_clstk/fjlp/an418-fjlp-b -4203)
an4test_clstk/fjlp/an418-fjlp-b done --------------------------------------
INFO: batch.c(729): Decoding 'an4test_clstk/fjlp/an419-fjlp-b'
INFO: cmn.c(133): CMN: 46.85  1.40  6.12 21.00 -17.65  0.90 -5.03  2.34 -12.30  9.10 -10.38  1.41 -1.43 
INFO: fsg_search.c(859): 222 frames, 1083 HMMs (4/fr), 1917 senones (8/fr), 1797 history entries (8/fr)

INFO: fsg_search.c(869): fsg 0.00 CPU 0.002 xRT
INFO: fsg_search.c(871): fsg 0.00 wall 0.001 xRT
INFO: batch.c(761): an4test_clstk/fjlp/an419-fjlp-b: 2.22 seconds speech, 0.00 seconds CPU, 0.00 seconds wall
INFO: batch.c(763): an4test_clstk/fjlp/an419-fjlp-b: 0.00 xRT (CPU), 0.00 xRT (elapsed)
speech speech speech (an4test_clstk/fjlp/an419-fjlp-b -4564)
an4test_clstk/fjlp/an419-fjlp-b done --------------------------------------
INFO: batch.c(729): Decoding 'an4test_clstk/fjlp/an420-fjlp-b'
INFO: cmn.c(133): CMN: 49.30  2.40 -4.78 15.27 -12.20 -6.35 -4.15  6.05 -6.56  3.12 -3.33 -2.74  2.52 
INFO: fsg_search.c(859): 429 frames, 2128 HMMs (4/fr), 3810 senones (8/fr), 3351 history entries (7/fr)

INFO: fsg_search.c(869): fsg 0.01 CPU 0.002 xRT
INFO: fsg_search.c(871): fsg 0.01 wall 0.001 xRT
INFO: batch.c(761): an4test_clstk/fjlp/an420-fjlp-b: 4.29 seconds speech, 0.01 seconds CPU, 0.01 seconds wall
INFO: batch.c(763): an4test_clstk/fjlp/an420-fjlp-b: 0.00 xRT (CPU), 0.00 xRT (elapsed)
speech speech speech speech speech speech speech (an4test_clstk/fjlp/an420-fjlp-b -9105)
an4test_clstk/fjlp/an420-fjlp-b done --------------------------------------
INFO: batch.c(729): Decoding 'an4test_clstk/fjlp/cen1-fjlp-b'
INFO: cmn.c(133): CMN: 46.42  6.11  2.22 16.07 -9.79 -1.37 -1.40  4.37 -10.26  6.18 -7.34 -0.13 -0.22 
INFO: fsg_search.c(859): 261 frames, 1288 HMMs (4/fr), 2298 senones (8/fr), 2205 history entries (8/fr)

INFO: fsg_search.c(869): fsg 0.00 CPU 0.000 xRT
INFO: fsg_search.c(871): fsg 0.00 wall 0.001 xRT
INFO: batch.c(761): an4test_clstk/fjlp/cen1-fjlp-b: 2.61 seconds speech, 0.00 seconds CPU, 0.00 seconds wall
INFO: batch.c(763): an4test_clstk/fjlp/cen1-fjlp-b: 0.00 xRT (CPU), 0.00 xRT (elapsed)
speech speech speech speech speech (an4test_clstk/fjlp/cen1-fjlp-b -6316)
an4test_clstk/fjlp/cen1-fjlp-b done --------------------------------------
INFO: batch.c(729): Decoding 'an4test_clstk/fjlp/cen2-fjlp-b'
INFO: cmn.c(133): CMN: 44.62  3.20  2.72 23.46 -14.36 -6.99 -2.56  4.79 -11.72  7.32 -6.39  2.51  1.49 
INFO: fsg_search.c(859): 227 frames, 1132 HMMs (4/fr), 2034 senones (8/fr), 2022 history entries (8/fr)

INFO: fsg_search.c(869): fsg 0.00 CPU 0.002 xRT
INFO: fsg_search.c(871): fsg 0.00 wall 0.001 xRT
INFO: batch.c(761): an4test_clstk/fjlp/cen2-fjlp-b: 2.27 seconds speech, 0.00 seconds CPU, 0.00 seconds wall
INFO: batch.c(763): an4test_clstk/fjlp/cen2-fjlp-b: 0.00 xRT (CPU), 0.00 xRT (elapsed)
speech speech (an4test_clstk/fjlp/cen2-fjlp-b -4519)
an4test_clstk/fjlp/cen2-fjlp-b done --------------------------------------
INFO: batch.c(729): Decoding 'an4test_clstk/fjlp/cen3-fjlp-b'
INFO: cmn.c(133): CMN: 45.19  4.81  4.23 17.39 -10.15 -4.24 -0.34  4.16 -7.10  1.95 -9.10  6.14  2.58 
INFO: fsg_search.c(859): 105 frames, 522 HMMs (4/fr), 936 senones (8/fr), 930 history entries (8/fr)

INFO: fsg_search.c(869): fsg 0.00 CPU 0.000 xRT
INFO: fsg_search.c(871): fsg 0.00 wall 0.001 xRT
INFO: batch.c(761): an4test_clstk/fjlp/cen3-fjlp-b: 1.05 seconds speech, 0.00 seconds CPU, 0.00 seconds wall
INFO: batch.c(763): an4test_clstk/fjlp/cen3-fjlp-b: 0.00 xRT (CPU), 0.00 xRT (elapsed)
speech speech (an4test_clstk/fjlp/cen3-fjlp-b -2586)
an4test_clstk/fjlp/cen3-fjlp-b done --------------------------------------
INFO: batch.c(729): Decoding 'an4test_clstk/fjlp/cen4-fjlp-b'
INFO: cmn.c(133): CMN: 44.34  4.91 -0.39 15.47 -10.37  0.65 -1.97  2.97 -8.26  1.27 -8.02 -2.09  0.89 
INFO: fsg_search.c(859): 212 frames, 1057 HMMs (4/fr), 1899 senones (8/fr), 1869 history entries (8/fr)

INFO: fsg_search.c(869): fsg 0.00 CPU 0.002 xRT
INFO: fsg_search.c(871): fsg 0.00 wall 0.001 xRT
INFO: batch.c(761): an4test_clstk/fjlp/cen4-fjlp-b: 2.12 seconds speech, 0.00 seconds CPU, 0.00 seconds wall
INFO: batch.c(763): an4test_clstk/fjlp/cen4-fjlp-b: 0.00 xRT (CPU), 0.00 xRT (elapsed)
speech speech (an4test_clstk/fjlp/cen4-fjlp-b -5052)
an4test_clstk/fjlp/cen4-fjlp-b done --------------------------------------
INFO: batch.c(729): Decoding 'an4test_clstk/fjlp/cen5-fjlp-b'
INFO: cmn.c(133): CMN: 46.53  1.45  4.09 11.10 -12.80 -2.66 -4.68  5.53 -9.88  6.45 -7.28 -1.45  2.06 
INFO: fsg_search.c(859): 476 frames, 2377 HMMs (4/fr), 4275 senones (8/fr), 4266 history entries (8/fr)

INFO: fsg_search.c(869): fsg 0.01 CPU 0.002 xRT
INFO: fsg_search.c(871): fsg 0.01 wall 0.001 xRT
INFO: batch.c(761): an4test_clstk/fjlp/cen5-fjlp-b: 4.76 seconds speech, 0.01 seconds CPU, 0.01 seconds wall
INFO: batch.c(763): an4test_clstk/fjlp/cen5-fjlp-b: 0.00 xRT (CPU), 0.00 xRT (elapsed)
speech speech speech (an4test_clstk/fjlp/cen5-fjlp-b -10294)
an4test_clstk/fjlp/cen5-fjlp-b done --------------------------------------
INFO: batch.c(729): Decoding 'an4test_clstk/fjlp/cen6-fjlp-b'
INFO: cmn.c(133): CMN: 46.97  4.21 -5.04  6.41 -6.27 -1.87 -5.80  5.58  0.16 -0.18 -3.23 -1.69  4.04 
INFO: fsg_search.c(859): 229 frames, 1099 HMMs (4/fr), 1923 senones (8/fr), 1560 history entries (6/fr)

INFO: fsg_search.c(869): fsg 0.00 CPU 0.000 xRT
INFO: fsg_search.c(871): fsg 0.00 wall 0.001 xRT
INFO: batch.c(761): an4test_clstk/fjlp/cen6-fjlp-b: 2.29 seconds speech, 0.00 seconds CPU, 0.00 seconds wall
INFO: batch.c(763): an4test_clstk/fjlp/cen6-fjlp-b: 0.00 xRT (CPU), 0.00 xRT (elapsed)
speech speech speech speech speech (an4test_clstk/fjlp/cen6-fjlp-b -4458)
an4test_clstk/fjlp/cen6-fjlp-b done --------------------------------------
INFO: batch.c(729): Decoding 'an4test_clstk/fjlp/cen7-fjlp-b'
INFO: cmn.c(133): CMN: 43.53 10.44 -3.50 15.08 -10.07 -1.93 -4.84  3.63 -3.94 -2.86 -0.75 -1.99  3.28 
INFO: fsg_search.c(859): 314 frames, 1535 HMMs (4/fr), 2721 senones (8/fr), 2430 history entries (7/fr)

INFO: fsg_search.c(869): fsg 0.00 CPU 0.001 xRT
INFO: fsg_search.c(871): fsg 0.00 wall 0.001 xRT
INFO: batch.c(761): an4test_clstk/fjlp/cen7-fjlp-b: 3.14 seconds speech, 0.00 seconds CPU, 0.00 seconds wall
INFO: batch.c(763): an4test_clstk/fjlp/cen7-fjlp-b: 0.00 xRT (CPU), 0.00 xRT (elapsed)
speech speech speech speech (an4test_clstk/fjlp/cen7-fjlp-b -6387)
an4test_clstk/fjlp/cen7-fjlp-b done --------------------------------------
INFO: batch.c(729): Decoding 'an4test_clstk/fjlp/cen8-fjlp-b'
INFO: cmn.c(133): CMN: 48.35 11.21 -10.67 10.78 -12.88  3.44 -4.02  2.23  4.26 -1.92  0.79  0.52  2.86 
INFO: fsg_search.c(859): 232 frames, 1117 HMMs (4/fr), 1959 senones (8/fr), 1515 history entries (6/fr)

INFO: fsg_search.c(869): fsg 0.00 CPU 0.002 xRT
INFO: fsg_search.c(871): fsg 0.00 wall 0.001 xRT
INFO: batch.c(761): an4test_clstk/fjlp/cen8-fjlp-b: 2.32 seconds speech, 0.00 seconds CPU, 0.00 seconds wall
INFO: batch.c(763): an4test_clstk/fjlp/cen8-fjlp-b: 0.00 xRT (CPU), 0.00 xRT (elapsed)
speech speech speech (an4test_clstk/fjlp/cen8-fjlp-b -3933)
an4test_clstk/fjlp/cen8-fjlp-b done --------------------------------------
INFO: batch.c(729): Decoding 'an4test_clstk/fvap/an426-fvap-b'
INFO: cmn.c(133): CMN: 45.67 -1.70  0.60 16.46 -10.05  1.03 -16.17  2.46 -5.66 -4.21 -0.71  1.25  8.41 
INFO: fsg_search.c(859): 189 frames, 909 HMMs (4/fr), 1593 senones (8/fr), 1344 history entries (7/fr)

INFO: fsg_search.c(869): fsg 0.00 CPU 0.000 xRT
INFO: fsg_search.c(871): fsg 0.00 wall 0.001 xRT
INFO: batch.c(761): an4test_clstk/fvap/an426-fvap-b: 1.89 seconds speech, 0.00 seconds CPU, 0.00 seconds wall
INFO: batch.c(763): an4test_clstk/fvap/an426-fvap-b: 0.00 xRT (CPU), 0.00 xRT (elapsed)
speech speech speech speech (an4test_clstk/fvap/an426-fvap-b -3913)
an4test_clstk/fvap/an426-fvap-b done --------------------------------------
INFO: batch.c(729): Decoding 'an4test_clstk/fvap/an427-fvap-b'
INFO: cmn.c(133): CMN: 44.55 -7.15 11.48 25.85 -10.26  1.41 -3.32  4.34 -13.05  3.52 -1.52 -2.13  8.51 
INFO: fsg_search.c(859): 319 frames, 1577 HMMs (4/fr), 2817 senones (8/fr), 2592 history entries (8/fr)

INFO: fsg_search.c(869): fsg 0.00 CPU 0.001 xRT
INFO: fsg_search.c(871): fsg 0.00 wall 0.001 xRT
INFO: batch.c(761): an4test_clstk/fvap/an427-fvap-b: 3.19 seconds speech, 0.00 seconds CPU, 0.00 seconds wall
INFO: batch.c(763): an4test_clstk/fvap/an427-fvap-b: 0.00 xRT (CPU), 0.00 xRT (elapsed)
speech speech speech speech (an4test_clstk/fvap/an427-fvap-b -6858)
an4test_clstk/fvap/an427-fvap-b done --------------------------------------
INFO: batch.c(729): Decoding 'an4test_clstk/fvap/an428-fvap-b'
INFO: cmn.c(133): CMN: 42.92 -0.41  2.13 16.46 -4.26 -2.07 -14.81 -0.45 -9.93 -6.21  3.03 -1.29  6.62 
INFO: fsg_search.c(859): 179 frames, 892 HMMs (4/fr), 1602 senones (8/fr), 1590 history entries (8/fr)

INFO: fsg_search.c(869): fsg 0.00 CPU 0.000 xRT
INFO: fsg_search.c(871): fsg 0.00 wall 0.001 xRT
INFO: batch.c(761): an4test_clstk/fvap/an428-fvap-b: 1.79 seconds speech, 0.00 seconds CPU, 0.00 seconds wall
INFO: batch.c(763): an4test_clstk/fvap/an428-fvap-b: 0.00 xRT (CPU), 0.00 xRT (elapsed)
speech speech (an4test_clstk/fvap/an428-fvap-b -4863)
an4test_clstk/fvap/an428-fvap-b done --------------------------------------
INFO: batch.c(729): Decoding 'an4test_clstk/fvap/an429-fvap-b'
INFO: cmn.c(133): CMN: 44.29  2.47  1.91  5.06 -11.71  2.70 -8.15 -0.29 -5.67  4.24 -2.08 -1.03  6.33 
INFO: fsg_search.c(859): 369 frames, 1826 HMMs (4/fr), 3264 senones (8/fr), 2928 history entries (7/fr)

INFO: fsg_search.c(869): fsg 0.00 CPU 0.001 xRT
INFO: fsg_search.c(871): fsg 0.00 wall 0.001 xRT
INFO: batch.c(761): an4test_clstk/fvap/an429-fvap-b: 3.69 seconds speech, 0.00 seconds CPU, 0.00 seconds wall
INFO: batch.c(763): an4test_clstk/fvap/an429-fvap-b: 0.00 xRT (CPU), 0.00 xRT (elapsed)
speech speech speech speech speech speech (an4test_clstk/fvap/an429-fvap-b -8641)
an4test_clstk/fvap/an429-fvap-b done --------------------------------------
INFO: batch.c(729): Decoding 'an4test_clstk/fvap/an430-fvap-b'
INFO: cmn.c(133): CMN: 45.81  2.79  2.76 21.63 -10.52 -2.23 -10.47  5.58 -12.91 -3.89  0.50 -4.88  5.84 
INFO: fsg_search.c(859): 294 frames, 1456 HMMs (4/fr), 2604 senones (8/fr), 2385 history entries (8/fr)

INFO: fsg_search.c(869): fsg 0.00 CPU 0.001 xRT
INFO: fsg_search.c(871): fsg 0.00 wall 0.001 xRT
INFO: batch.c(761): an4test_clstk/fvap/an430-fvap-b: 2.94 seconds speech, 0.00 seconds CPU, 0.00 seconds wall
INFO: batch.c(763): an4test_clstk/fvap/an430-fvap-b: 0.00 xRT (CPU), 0.00 xRT (elapsed)
speech speech speech speech (an4test_clstk/fvap/an430-fvap-b -5231)
an4test_clstk/fvap/an430-fvap-b done --------------------------------------
INFO: batch.c(729): Decoding 'an4test_clstk/fvap/cen1-fvap-b'
INFO: cmn.c(133): CMN: 47.12  9.34  3.52 17.53 -15.52  4.76 -8.12 -2.15 -5.75  4.39  0.21 -1.54  8.18 
INFO: fsg_search.c(859): 185 frames, 922 HMMs (4/fr), 1656 senones (8/fr), 1614 history entries (8/fr)

INFO: fsg_search.c(869): fsg 0.00 CPU 0.002 xRT
INFO: fsg_search.c(871): fsg 0.00 wall 0.002 xRT
INFO: batch.c(761): an4test_clstk/fvap/cen1-fvap-b: 1.85 seconds speech, 0.00 seconds CPU, 0.00 seconds wall
INFO: batch.c(763): an4test_clstk/fvap/cen1-fvap-b: 0.00 xRT (CPU), 0.00 xRT (elapsed)
speech speech (an4test_clstk/fvap/cen1-fvap-b -4513)
an4test_clstk/fvap/cen1-fvap-b done --------------------------------------
INFO: batch.c(729): Decoding 'an4test_clstk/fvap/cen2-fvap-b'
INFO: cmn.c(133): CMN: 46.38  2.72  4.28 22.42 -14.58 -4.88 -7.94  3.49 -6.92  0.09 -0.27  4.87  7.95 
INFO: fsg_search.c(859): 229 frames, 1142 HMMs (4/fr), 2052 senones (8/fr), 2046 history entries (8/fr)

INFO: fsg_search.c(869): fsg 0.00 CPU 0.000 xRT
INFO: fsg_search.c(871): fsg 0.00 wall 0.001 xRT
INFO: batch.c(761): an4test_clstk/fvap/cen2-fvap-b: 2.29 seconds speech, 0.00 seconds CPU, 0.00 seconds wall
INFO: batch.c(763): an4test_clstk/fvap/cen2-fvap-b: 0.00 xRT (CPU), 0.00 xRT (elapsed)
 (an4test_clstk/fvap/cen2-fvap-b -4816)
an4test_clstk/fvap/cen2-fvap-b done --------------------------------------
INFO: batch.c(729): Decoding 'an4test_clstk/fvap/cen3-fvap-b'
INFO: cmn.c(133): CMN: 45.53  2.20 -0.50 14.45 -6.07  6.28 -18.40  2.95 -3.96 -3.71 -3.93 -0.09  6.38 
INFO: fsg_search.c(859): 149 frames, 728 HMMs (4/fr), 1290 senones (8/fr), 1158 history entries (7/fr)

INFO: fsg_search.c(869): fsg 0.00 CPU 0.000 xRT
INFO: fsg_search.c(871): fsg 0.00 wall 0.001 xRT
INFO: batch.c(761): an4test_clstk/fvap/cen3-fvap-b: 1.49 seconds speech, 0.00 seconds CPU, 0.00 seconds wall
INFO: batch.c(763): an4test_clstk/fvap/cen3-fvap-b: 0.00 xRT (CPU), 0.00 xRT (elapsed)
speech speech speech (an4test_clstk/fvap/cen3-fvap-b -3206)
an4test_clstk/fvap/cen3-fvap-b done --------------------------------------
INFO: batch.c(729): Decoding 'an4test_clstk/fvap/cen4-fvap-b'
INFO: cmn.c(133): CMN: 44.49  2.92  2.23 10.81 -12.17  4.06 -10.07 -0.30 -8.96  3.96 -1.43 -1.99  7.17 
INFO: fsg_search.c(859): 289 frames, 1442 HMMs (4/fr), 2592 senones (8/fr), 2364 history entries (8/fr)

INFO: fsg_search.c(869): fsg 0.00 CPU 0.001 xRT
INFO: fsg_search.c(871): fsg 0.00 wall 0.001 xRT
INFO: batch.c(761): an4test_clstk/fvap/cen4-fvap-b: 2.89 seconds speech, 0.00 seconds CPU, 0.00 seconds wall
INFO: batch.c(763): an4test_clstk/fvap/cen4-fvap-b: 0.00 xRT (CPU), 0.00 xRT (elapsed)
speech speech (an4test_clstk/fvap/cen4-fvap-b -7318)
an4test_clstk/fvap/cen4-fvap-b done --------------------------------------
INFO: batch.c(729): Decoding 'an4test_clstk/fvap/cen5-fvap-b'
INFO: cmn.c(133): CMN: 49.91  3.96  7.10 20.29 -14.51  3.77 -9.33  0.12 -18.71  3.00  2.77 -6.82  6.86 
INFO: fsg_search.c(859): 287 frames, 1432 HMMs (4/fr), 2574 senones (8/fr), 2556 history entries (8/fr)

INFO: fsg_search.c(869): fsg 0.00 CPU 0.000 xRT
INFO: fsg_search.c(871): fsg 0.00 wall 0.001 xRT
INFO: batch.c(761): an4test_clstk/fvap/cen5-fvap-b: 2.87 seconds speech, 0.00 seconds CPU, 0.00 seconds wall
INFO: batch.c(763): an4test_clstk/fvap/cen5-fvap-b: 0.00 xRT (CPU), 0.00 xRT (elapsed)
speech speech speech speech speech speech speech (an4test_clstk/fvap/cen5-fvap-b -7186)
an4test_clstk/fvap/cen5-fvap-b done --------------------------------------
INFO: batch.c(729): Decoding 'an4test_clstk/fvap/cen6-fvap-b'
INFO: cmn.c(133): CMN: 44.39  0.19  2.76  9.26 -7.28  7.96 -16.80 -2.39 -3.56 -2.10 -3.68 -3.09  6.67 
INFO: fsg_search.c(859): 142 frames, 698 HMMs (4/fr), 1242 senones (8/fr), 1077 history entries (7/fr)

INFO: fsg_search.c(869): fsg 0.00 CPU 0.003 xRT
INFO: fsg_search.c(871): fsg 0.00 wall 0.001 xRT
INFO: batch.c(761): an4test_clstk/fvap/cen6-fvap-b: 1.42 seconds speech, 0.00 seconds CPU, 0.00 seconds wall
INFO: batch.c(763): an4test_clstk/fvap/cen6-fvap-b: 0.00 xRT (CPU), 0.00 xRT (elapsed)
speech speech (an4test_clstk/fvap/cen6-fvap-b -3129)
an4test_clstk/fvap/cen6-fvap-b done --------------------------------------
INFO: batch.c(729): Decoding 'an4test_clstk/fvap/cen7-fvap-b'
INFO: cmn.c(133): CMN: 47.46  2.11  2.79 11.17 -10.10 -3.57 -13.52  3.54 -14.35 -0.15  2.45 -2.75  7.52 
INFO: fsg_search.c(859): 197 frames, 943 HMMs (4/fr), 1647 senones (8/fr), 1320 history entries (6/fr)

INFO: fsg_search.c(869): fsg 0.00 CPU 0.000 xRT
INFO: fsg_search.c(871): fsg 0.00 wall 0.001 xRT
INFO: batch.c(761): an4test_clstk/fvap/cen7-fvap-b: 1.97 seconds speech, 0.00 seconds CPU, 0.00 seconds wall
INFO: batch.c(763): an4test_clstk/fvap/cen7-fvap-b: 0.00 xRT (CPU), 0.00 xRT (elapsed)
speech speech speech (an4test_clstk/fvap/cen7-fvap-b -4411)
an4test_clstk/fvap/cen7-fvap-b done --------------------------------------
INFO: batch.c(729): Decoding 'an4test_clstk/fvap/cen8-fvap-b'
INFO: cmn.c(133): CMN: 44.61 -3.33  2.74  9.23 -4.55  1.98 -16.01 -1.81 -4.85 -2.94 -3.86 -0.77  8.21 
INFO: fsg_search.c(859): 205 frames, 974 HMMs (4/fr), 1692 senones (8/fr), 1176 history entries (5/fr)

INFO: fsg_search.c(869): fsg 0.00 CPU 0.000 xRT
INFO: fsg_search.c(871): fsg 0.00 wall 0.001 xRT
INFO: batch.c(761): an4test_clstk/fvap/cen8-fvap-b: 2.05 seconds speech, 0.00 seconds CPU, 0.00 seconds wall
INFO: batch.c(763): an4test_clstk/fvap/cen8-fvap-b: 0.00 xRT (CPU), 0.00 xRT (elapsed)
speech speech speech speech (an4test_clstk/fvap/cen8-fvap-b -3617)
an4test_clstk/fvap/cen8-fvap-b done --------------------------------------
INFO: batch.c(729): Decoding 'an4test_clstk/marh/an431-marh-b'
INFO: cmn.c(133): CMN: 44.68 -1.32 -5.41 20.59 -6.08  3.19 -2.84 -4.91  2.61 -7.41  2.59 -5.22  1.57 
INFO: fsg_search.c(859): 364 frames, 1817 HMMs (4/fr), 3267 senones (8/fr), 2637 history entries (7/fr)

INFO: fsg_search.c(869): fsg 0.00 CPU 0.001 xRT
INFO: fsg_search.c(871): fsg 0.00 wall 0.001 xRT
INFO: batch.c(761): an4test_clstk/marh/an431-marh-b: 3.64 seconds speech, 0.00 seconds CPU, 0.00 seconds wall
INFO: batch.c(763): an4test_clstk/marh/an431-marh-b: 0.00 xRT (CPU), 0.00 xRT (elapsed)
speech speech speech speech speech (an4test_clstk/marh/an431-marh-b -8888)
an4test_clstk/marh/an431-marh-b done --------------------------------------
INFO: batch.c(729): Decoding 'an4test_clstk/marh/an432-marh-b'
INFO: cmn.c(133): CMN: 42.84  2.15 -5.37 26.92 -3.54 -0.89 -2.66 -4.94  3.16 -15.07  3.72 -2.76  3.96 
INFO: fsg_search.c(859): 209 frames, 1021 HMMs (4/fr), 1809 senones (8/fr), 1755 history entries (8/fr)

INFO: fsg_search.c(869): fsg 0.00 CPU 0.002 xRT
INFO: fsg_search.c(871): fsg 0.00 wall 0.001 xRT
INFO: batch.c(761): an4test_clstk/marh/an432-marh-b: 2.09 seconds speech, 0.00 seconds CPU, 0.00 seconds wall
INFO: batch.c(763): an4test_clstk/marh/an432-marh-b: 0.00 xRT (CPU), 0.00 xRT (elapsed)
speech speech (an4test_clstk/marh/an432-marh-b -5276)
an4test_clstk/marh/an432-marh-b done --------------------------------------
INFO: batch.c(729): Decoding 'an4test_clstk/marh/an433-marh-b'
INFO: cmn.c(133): CMN: 45.17  7.13 -6.15 14.01 -8.51  3.46 -1.83 -9.37  7.11 -8.36 -0.31 -2.65  0.91 
INFO: fsg_search.c(859): 264 frames, 1301 HMMs (4/fr), 2319 senones (8/fr), 2145 history entries (8/fr)

INFO: fsg_search.c(869): fsg 0.00 CPU 0.000 xRT
INFO: fsg_search.c(871): fsg 0.00 wall 0.001 xRT
INFO: batch.c(761): an4test_clstk/marh/an433-marh-b: 2.64 seconds speech, 0.00 seconds CPU, 0.00 seconds wall
INFO: batch.c(763): an4test_clstk/marh/an433-marh-b: 0.00 xRT (CPU), 0.00 xRT (elapsed)
speech speech speech speech speech (an4test_clstk/marh/an433-marh-b -6954)
an4test_clstk/marh/an433-marh-b done --------------------------------------
INFO: batch.c(729): Decoding 'an4test_clstk/marh/an434-marh-b'
INFO: cmn.c(133): CMN: 45.02  4.32 -2.38 27.46 -8.62  0.24  2.29 -5.84  2.51 -11.03  0.70 -5.18 -1.42 
INFO: fsg_search.c(859): 423 frames, 2094 HMMs (4/fr), 3744 senones (8/fr), 3246 history entries (7/fr)

INFO: fsg_search.c(869): fsg 0.01 CPU 0.002 xRT
INFO: fsg_search.c(871): fsg 0.01 wall 0.001 xRT
INFO: batch.c(761): an4test_clstk/marh/an434-marh-b: 4.23 seconds speech, 0.01 seconds CPU, 0.01 seconds wall
INFO: batch.c(763): an4test_clstk/marh/an434-marh-b: 0.00 xRT (CPU), 0.00 xRT (elapsed)
speech speech speech speech speech speech speech (an4test_clstk/marh/an434-marh-b -12306)
an4test_clstk/marh/an434-marh-b done --------------------------------------
INFO: batch.c(729): Decoding 'an4test_clstk/marh/an435-marh-b'
INFO: cmn.c(133): CMN: 43.01  1.67 -1.65 27.93 -5.58 -0.87 -2.80 -6.01  0.69 -10.66  2.05 -5.91  0.44 
INFO: fsg_search.c(859): 162 frames, 807 HMMs (4/fr), 1449 senones (8/fr), 1419 history entries (8/fr)

INFO: fsg_search.c(869): fsg 0.00 CPU 0.000 xRT
INFO: fsg_search.c(871): fsg 0.00 wall 0.001 xRT
INFO: batch.c(761): an4test_clstk/marh/an435-marh-b: 1.62 seconds speech, 0.00 seconds CPU, 0.00 seconds wall
INFO: batch.c(763): an4test_clstk/marh/an435-marh-b: 0.00 xRT (CPU), 0.00 xRT (elapsed)
speech speech speech (an4test_clstk/marh/an435-marh-b -5170)
an4test_clstk/marh/an435-marh-b done --------------------------------------
INFO: batch.c(729): Decoding 'an4test_clstk/marh/cen1-marh-b'
INFO: cmn.c(133): CMN: 48.68  5.43 -2.50 22.70 -8.38  4.55 -5.67 -3.18  3.32 -9.15  2.96 -2.65  0.31 
INFO: fsg_search.c(859): 200 frames, 984 HMMs (4/fr), 1752 senones (8/fr), 1587 history entries (7/fr)

INFO: fsg_search.c(869): fsg 0.00 CPU 0.002 xRT
INFO: fsg_search.c(871): fsg 0.00 wall 0.001 xRT
INFO: batch.c(761): an4test_clstk/marh/cen1-marh-b: 2.00 seconds speech, 0.00 seconds CPU, 0.00 seconds wall
INFO: batch.c(763): an4test_clstk/marh/cen1-marh-b: 0.00 xRT (CPU), 0.00 xRT (elapsed)
speech speech speech speech speech (an4test_clstk/marh/cen1-marh-b -6396)
an4test_clstk/marh/cen1-marh-b done --------------------------------------
INFO: batch.c(729): Decoding 'an4test_clstk/marh/cen2-marh-b'
INFO: cmn.c(133): CMN: 49.92  7.15 -4.25 24.58 -13.69 -3.60 -8.69 -1.81  1.70 -7.89  6.17 -11.47 10.45 
INFO: fsg_search.c(859): 131 frames, 652 HMMs (4/fr), 1170 senones (8/fr), 1152 history entries (8/fr)

INFO: fsg_search.c(869): fsg 0.00 CPU 0.000 xRT
INFO: fsg_search.c(871): fsg 0.00 wall 0.001 xRT
INFO: batch.c(761): an4test_clstk/marh/cen2-marh-b: 1.31 seconds speech, 0.00 seconds CPU, 0.00 seconds wall
INFO: batch.c(763): an4test_clstk/marh/cen2-marh-b: 0.00 xRT (CPU), 0.00 xRT (elapsed)
speech speech speech (an4test_clstk/marh/cen2-marh-b -4146)
an4test_clstk/marh/cen2-marh-b done --------------------------------------
INFO: batch.c(729): Decoding 'an4test_clstk/marh/cen3-marh-b'
INFO: cmn.c(133): CMN: 47.59  2.03 -3.92 24.07 -1.07 -1.49  2.07 -4.87 -0.15 -12.52  3.74 -5.84  3.39 
INFO: fsg_search.c(859): 149 frames, 721 HMMs (4/fr), 1269 senones (8/fr), 966 history entries (6/fr)

INFO: fsg_search.c(869): fsg 0.00 CPU 0.003 xRT
INFO: fsg_search.c(871): fsg 0.00 wall 0.001 xRT
INFO: batch.c(761): an4test_clstk/marh/cen3-marh-b: 1.49 seconds speech, 0.00 seconds CPU, 0.00 seconds wall
INFO: batch.c(763): an4test_clstk/marh/cen3-marh-b: 0.00 xRT (CPU), 0.00 xRT (elapsed)
speech speech speech speech (an4test_clstk/marh/cen3-marh-b -3692)
an4test_clstk/marh/cen3-marh-b done --------------------------------------
INFO: batch.c(729): Decoding 'an4test_clstk/marh/cen4-marh-b'
INFO: cmn.c(133): CMN: 51.67  2.25 -1.13 29.22 -11.77  1.56 -0.06 -3.04  1.65 -16.26  6.66 -6.66  2.01 
INFO: fsg_search.c(859): 202 frames, 1007 HMMs (4/fr), 1809 senones (8/fr), 1536 history entries (7/fr)

INFO: fsg_search.c(869): fsg 0.00 CPU 0.000 xRT
INFO: fsg_search.c(871): fsg 0.00 wall 0.001 xRT
INFO: batch.c(761): an4test_clstk/marh/cen4-marh-b: 2.02 seconds speech, 0.00 seconds CPU, 0.00 seconds wall
INFO: batch.c(763): an4test_clstk/marh/cen4-marh-b: 0.00 xRT (CPU), 0.00 xRT (elapsed)
speech speech speech speech (an4test_clstk/marh/cen4-marh-b -6191)
an4test_clstk/marh/cen4-marh-b done --------------------------------------
INFO: batch.c(729): Decoding 'an4test_clstk/marh/cen5-marh-b'
INFO: cmn.c(133): CMN: 49.82  4.74 -1.74 26.36 -9.58  1.41 -0.01 -3.87  3.59 -13.57  5.36 -5.56  1.62 
INFO: fsg_search.c(859): 349 frames, 1707 HMMs (4/fr), 3027 senones (8/fr), 2187 history entries (6/fr)

INFO: fsg_search.c(869): fsg 0.00 CPU 0.001 xRT
INFO: fsg_search.c(871): fsg 0.00 wall 0.001 xRT
INFO: batch.c(761): an4test_clstk/marh/cen5-marh-b: 3.49 seconds speech, 0.00 seconds CPU, 0.00 seconds wall
INFO: batch.c(763): an4test_clstk/marh/cen5-marh-b: 0.00 xRT (CPU), 0.00 xRT (elapsed)
speech speech speech speech speech speech speech speech speech (an4test_clstk/marh/cen5-marh-b -9065)
an4test_clstk/marh/cen5-marh-b done --------------------------------------
INFO: batch.c(729): Decoding 'an4test_clstk/marh/cen6-marh-b'
INFO: cmn.c(133): CMN: 46.30  5.61 -3.07 17.20 -4.04  1.85  1.25 -10.36  5.13 -8.89  0.54 -2.21 -3.19 
INFO: fsg_search.c(859): 209 frames, 1034 HMMs (4/fr), 1848 senones (8/fr), 1713 history entries (8/fr)

INFO: fsg_search.c(869): fsg 0.00 CPU 0.002 xRT
INFO: fsg_search.c(871): fsg 0.00 wall 0.001 xRT
INFO: batch.c(761): an4test_clstk/marh/cen6-marh-b: 2.09 seconds speech, 0.00 seconds CPU, 0.00 seconds wall
INFO: batch.c(763): an4test_clstk/marh/cen6-marh-b: 0.00 xRT (CPU), 0.00 xRT (elapsed)
speech speech speech speech speech (an4test_clstk/marh/cen6-marh-b -6148)
an4test_clstk/marh/cen6-marh-b done --------------------------------------
INFO: batch.c(729): Decoding 'an4test_clstk/marh/cen7-marh-b'
INFO: cmn.c(133): CMN: 52.28 -2.05 -5.03 15.45  2.14  1.09 -7.61 -8.20  4.30 -9.73 -0.56 -3.80  1.49 
INFO: fsg_search.c(859): 282 frames, 1345 HMMs (4/fr), 2343 senones (8/fr), 1599 history entries (5/fr)

INFO: fsg_search.c(869): fsg 0.00 CPU 0.001 xRT
INFO: fsg_search.c(871): fsg 0.00 wall 0.001 xRT
INFO: batch.c(761): an4test_clstk/marh/cen7-marh-b: 2.82 seconds speech, 0.00 seconds CPU, 0.00 seconds wall
INFO: batch.c(763): an4test_clstk/marh/cen7-marh-b: 0.00 xRT (CPU), 0.00 xRT (elapsed)
speech speech speech speech speech (an4test_clstk/marh/cen7-marh-b -6069)
an4test_clstk/marh/cen7-marh-b done --------------------------------------
INFO: batch.c(729): Decoding 'an4test_clstk/marh/cen8-marh-b'
INFO: cmn.c(133): CMN: 49.83  2.05 -5.95 13.08 -0.25 -1.11 -3.96 -3.55  1.38 -11.23  6.18 -4.67  2.19 
INFO: fsg_search.c(859): 239 frames, 1112 HMMs (4/fr), 1902 senones (7/fr), 1368 history entries (5/fr)

INFO: fsg_search.c(869): fsg 0.00 CPU 0.000 xRT
INFO: fsg_search.c(871): fsg 0.00 wall 0.001 xRT
INFO: batch.c(761): an4test_clstk/marh/cen8-marh-b: 2.39 seconds speech, 0.00 seconds CPU, 0.00 seconds wall
INFO: batch.c(763): an4test_clstk/marh/cen8-marh-b: 0.00 xRT (CPU), 0.00 xRT (elapsed)
speech speech speech speech (an4test_clstk/marh/cen8-marh-b -4272)
an4test_clstk/marh/cen8-marh-b done --------------------------------------
INFO: batch.c(729): Decoding 'an4test_clstk/mdms2/an401-mdms2-b'
INFO: cmn.c(133): CMN: 48.40  5.07 -4.06  7.93 -9.36  9.95 -9.24 -5.56 -2.05 -0.12  6.99 -3.70 -0.17 
INFO: fsg_search.c(859): 329 frames, 1637 HMMs (4/fr), 2937 senones (8/fr), 2637 history entries (8/fr)

INFO: fsg_search.c(869): fsg 0.00 CPU 0.001 xRT
INFO: fsg_search.c(871): fsg 0.00 wall 0.001 xRT
INFO: batch.c(761): an4test_clstk/mdms2/an401-mdms2-b: 3.29 seconds speech, 0.00 seconds CPU, 0.00 seconds wall
INFO: batch.c(763): an4test_clstk/mdms2/an401-mdms2-b: 0.00 xRT (CPU), 0.00 xRT (elapsed)
speech speech speech speech speech (an4test_clstk/mdms2/an401-mdms2-b -7157)
an4test_clstk/mdms2/an401-mdms2-b done --------------------------------------
INFO: batch.c(729): Decoding 'an4test_clstk/mdms2/an402-mdms2-b'
INFO: cmn.c(133): CMN: 41.00  6.74 -9.06  9.46 -8.68  8.92 -0.45 -8.75  2.42 -4.77  7.01  6.16 -4.89 
INFO: fsg_search.c(859): 79 frames, 392 HMMs (4/fr), 702 senones (8/fr), 696 history entries (8/fr)

INFO: fsg_search.c(869): fsg 0.00 CPU 0.000 xRT
INFO: fsg_search.c(871): fsg 0.00 wall 0.001 xRT
INFO: batch.c(761): an4test_clstk/mdms2/an402-mdms2-b: 0.79 seconds speech, 0.00 seconds CPU, 0.00 seconds wall
INFO: batch.c(763): an4test_clstk/mdms2/an402-mdms2-b: 0.00 xRT (CPU), 0.00 xRT (elapsed)
speech (an4test_clstk/mdms2/an402-mdms2-b -2057)
an4test_clstk/mdms2/an402-mdms2-b done --------------------------------------
INFO: batch.c(729): Decoding 'an4test_clstk/mdms2/an403-mdms2-b'
INFO: cmn.c(133): CMN: 50.01 -1.09 -5.93 27.30 -5.09  3.78  2.74 -9.35  6.23 -11.24  4.52 -2.38 -3.52 
INFO: fsg_search.c(859): 370 frames, 1845 HMMs (4/fr), 3315 senones (8/fr), 2856 history entries (7/fr)

INFO: fsg_search.c(869): fsg 0.00 CPU 0.001 xRT
INFO: fsg_search.c(871): fsg 0.00 wall 0.001 xRT
INFO: batch.c(761): an4test_clstk/mdms2/an403-mdms2-b: 3.70 seconds speech, 0.00 seconds CPU, 0.00 seconds wall
INFO: batch.c(763): an4test_clstk/mdms2/an403-mdms2-b: 0.00 xRT (CPU), 0.00 xRT (elapsed)
speech speech speech speech speech speech (an4test_clstk/mdms2/an403-mdms2-b -8462)
an4test_clstk/mdms2/an403-mdms2-b done --------------------------------------
INFO: batch.c(729): Decoding 'an4test_clstk/mdms2/an404-mdms2-b'
INFO: cmn.c(133): CMN: 51.37  3.92 -12.10 28.47 -7.97  1.38 -6.35 -10.44  3.41 -5.09  1.95 -2.12 -4.24 
INFO: fsg_search.c(859): 285 frames, 1422 HMMs (4/fr), 2556 senones (8/fr), 2538 history entries (8/fr)

INFO: fsg_search.c(869): fsg 0.00 CPU 0.001 xRT
INFO: fsg_search.c(871): fsg 0.00 wall 0.001 xRT
INFO: batch.c(761): an4test_clstk/mdms2/an404-mdms2-b: 2.85 seconds speech, 0.00 seconds CPU, 0.00 seconds wall
INFO: batch.c(763): an4test_clstk/mdms2/an404-mdms2-b: 0.00 xRT (CPU), 0.00 xRT (elapsed)
speech speech speech (an4test_clstk/mdms2/an404-mdms2-b -7626)
an4test_clstk/mdms2/an404-mdms2-b done --------------------------------------
INFO: batch.c(729): Decoding 'an4test_clstk/mdms2/an405-mdms2-b'
INFO: cmn.c(133): CMN: 48.80 -6.02 -3.99 26.04 -7.21  2.83 -0.33 -9.62  7.13 -11.17  2.51 -0.80 -2.85 
INFO: fsg_search.c(859): 536 frames, 2651 HMMs (4/fr), 4737 senones (8/fr), 4104 history entries (7/fr)

INFO: fsg_search.c(869): fsg 0.01 CPU 0.001 xRT
INFO: fsg_search.c(871): fsg 0.01 wall 0.001 xRT
INFO: batch.c(761): an4test_clstk/mdms2/an405-mdms2-b: 5.36 seconds speech, 0.01 seconds CPU, 0.01 seconds wall
INFO: batch.c(763): an4test_clstk/mdms2/an405-mdms2-b: 0.00 xRT (CPU), 0.00 xRT (elapsed)
speech speech speech speech speech speech (an4test_clstk/mdms2/an405-mdms2-b -10898)
an4test_clstk/mdms2/an405-mdms2-b done --------------------------------------
INFO: batch.c(729): Decoding 'an4test_clstk/mdms2/cen1-mdms2-b'
INFO: cmn.c(133): CMN: 46.99  2.42 -7.12 23.31 -11.18  4.75 -6.44 -9.32  4.29 -3.04  3.39  2.63 -1.63 
INFO: fsg_search.c(859): 426 frames, 2127 HMMs (4/fr), 3825 senones (8/fr), 3609 history entries (8/fr)

INFO: fsg_search.c(869): fsg 0.00 CPU 0.001 xRT
INFO: fsg_search.c(871): fsg 0.00 wall 0.001 xRT
INFO: batch.c(761): an4test_clstk/mdms2/cen1-mdms2-b: 4.26 seconds speech, 0.00 seconds CPU, 0.00 seconds wall
INFO: batch.c(763): an4test_clstk/mdms2/cen1-mdms2-b: 0.00 xRT (CPU), 0.00 xRT (elapsed)
speech speech speech speech speech speech speech (an4test_clstk/mdms2/cen1-mdms2-b -10376)
an4test_clstk/mdms2/cen1-mdms2-b done --------------------------------------
INFO: batch.c(729): Decoding 'an4test_clstk/mdms2/cen2-mdms2-b'
INFO: cmn.c(133): CMN: 45.54  2.40 -8.00 30.98 -5.26 -1.99 -0.41 -6.53  5.37 -9.34  3.99  0.09 -0.15 
INFO: fsg_search.c(859): 291 frames, 1452 HMMs (4/fr), 2610 senones (8/fr), 2544 history entries (8/fr)

INFO: fsg_search.c(869): fsg 0.00 CPU 0.001 xRT
INFO: fsg_search.c(871): fsg 0.00 wall 0.001 xRT
INFO: batch.c(761): an4test_clstk/mdms2/cen2-mdms2-b: 2.91 seconds speech, 0.00 seconds CPU, 0.00 seconds wall
INFO: batch.c(763): an4test_clstk/mdms2/cen2-mdms2-b: 0.00 xRT (CPU), 0.00 xRT (elapsed)
speech speech speech speech speech (an4test_clstk/mdms2/cen2-mdms2-b -7668)
an4test_clstk/mdms2/cen2-mdms2-b done --------------------------------------
INFO: batch.c(729): Decoding 'an4test_clstk/mdms2/cen3-mdms2-b'
INFO: cmn.c(133): CMN: 47.57  7.36 -3.55 12.94 -7.50  2.39 -0.03 -7.19  2.36 -12.02 -4.50  1.54 -2.68 
INFO: fsg_search.c(859): 103 frames, 512 HMMs (4/fr), 918 senones (8/fr), 750 history entries (7/fr)

INFO: fsg_search.c(869): fsg 0.00 CPU 0.000 xRT
INFO: fsg_search.c(871): fsg 0.00 wall 0.001 xRT
INFO: batch.c(761): an4test_clstk/mdms2/cen3-mdms2-b: 1.03 seconds speech, 0.00 seconds CPU, 0.00 seconds wall
INFO: batch.c(763): an4test_clstk/mdms2/cen3-mdms2-b: 0.00 xRT (CPU), 0.00 xRT (elapsed)
speech speech speech (an4test_clstk/mdms2/cen3-mdms2-b -3559)
an4test_clstk/mdms2/cen3-mdms2-b done --------------------------------------
INFO: batch.c(729): Decoding 'an4test_clstk/mdms2/cen4-mdms2-b'
INFO: cmn.c(133): CMN: 47.96  8.65 -10.74 26.71 -15.22  1.21  2.83 -7.88  1.00 -9.70  3.54 -1.52 -1.26 
INFO: fsg_search.c(859): 577 frames, 2877 HMMs (4/fr), 5169 senones (8/fr), 4848 history entries (8/fr)

INFO: fsg_search.c(869): fsg 0.01 CPU 0.001 xRT
INFO: fsg_search.c(871): fsg 0.01 wall 0.001 xRT
INFO: batch.c(761): an4test_clstk/mdms2/cen4-mdms2-b: 5.77 seconds speech, 0.01 seconds CPU, 0.01 seconds wall
INFO: batch.c(763): an4test_clstk/mdms2/cen4-mdms2-b: 0.00 xRT (CPU), 0.00 xRT (elapsed)
speech speech speech speech speech speech speech speech speech speech (an4test_clstk/mdms2/cen4-mdms2-b -14466)
an4test_clstk/mdms2/cen4-mdms2-b done --------------------------------------
INFO: batch.c(729): Decoding 'an4test_clstk/mdms2/cen5-mdms2-b'
INFO: cmn.c(133): CMN: 46.12 -2.16 -4.30 26.30 -12.46  2.02  0.11 -11.40  5.84 -10.38  3.15  2.69 -0.76 
INFO: fsg_search.c(859): 515 frames, 2556 HMMs (4/fr), 4578 senones (8/fr), 4224 history entries (8/fr)

INFO: fsg_search.c(869): fsg 0.00 CPU 0.001 xRT
INFO: fsg_search.c(871): fsg 0.00 wall 0.001 xRT
INFO: batch.c(761): an4test_clstk/mdms2/cen5-mdms2-b: 5.15 seconds speech, 0.00 seconds CPU, 0.00 seconds wall
INFO: batch.c(763): an4test_clstk/mdms2/cen5-mdms2-b: 0.00 xRT (CPU), 0.00 xRT (elapsed)
speech speech speech speech speech speech speech speech speech (an4test_clstk/mdms2/cen5-mdms2-b -11689)
an4test_clstk/mdms2/cen5-mdms2-b done --------------------------------------
INFO: batch.c(729): Decoding 'an4test_clstk/mdms2/cen6-mdms2-b'
INFO: cmn.c(133): CMN: 47.33  3.87 -4.82 13.83 -12.56  5.92 -6.36 -12.08  3.54 -3.28  1.24 -0.36 -2.98 
INFO: fsg_search.c(859): 299 frames, 1439 HMMs (4/fr), 2523 senones (8/fr), 1992 history entries (6/fr)

INFO: fsg_search.c(869): fsg 0.00 CPU 0.001 xRT
INFO: fsg_search.c(871): fsg 0.00 wall 0.001 xRT
INFO: batch.c(761): an4test_clstk/mdms2/cen6-mdms2-b: 2.99 seconds speech, 0.00 seconds CPU, 0.00 seconds wall
INFO: batch.c(763): an4test_clstk/mdms2/cen6-mdms2-b: 0.00 xRT (CPU), 0.00 xRT (elapsed)
speech speech speech speech speech (an4test_clstk/mdms2/cen6-mdms2-b -5969)
an4test_clstk/mdms2/cen6-mdms2-b done --------------------------------------
INFO: batch.c(729): Decoding 'an4test_clstk/mdms2/cen7-mdms2-b'
INFO: cmn.c(133): CMN: 47.26  1.01 -0.57  9.69 -11.99 10.12 -6.96 -9.86  6.02 -7.09  4.79 -2.11 -1.20 
INFO: fsg_search.c(859): 558 frames, 2691 HMMs (4/fr), 4725 senones (8/fr), 3663 history entries (6/fr)

INFO: fsg_search.c(869): fsg 0.01 CPU 0.001 xRT
INFO: fsg_search.c(871): fsg 0.01 wall 0.001 xRT
INFO: batch.c(761): an4test_clstk/mdms2/cen7-mdms2-b: 5.58 seconds speech, 0.01 seconds CPU, 0.01 seconds wall
INFO: batch.c(763): an4test_clstk/mdms2/cen7-mdms2-b: 0.00 xRT (CPU), 0.00 xRT (elapsed)
speech speech speech speech speech speech speech speech speech speech speech (an4test_clstk/mdms2/cen7-mdms2-b -9996)
an4test_clstk/mdms2/cen7-mdms2-b done --------------------------------------
INFO: batch.c(729): Decoding 'an4test_clstk/mdms2/cen8-mdms2-b'
INFO: cmn.c(133): CMN: 51.43 -6.32 -0.83 16.12 -5.84  9.07 -10.66 -4.87 -1.92 -3.33  5.45 -2.16 -1.23 
INFO: fsg_search.c(859): 268 frames, 1278 HMMs (4/fr), 2226 senones (8/fr), 1755 history entries (6/fr)

INFO: fsg_search.c(869): fsg 0.00 CPU 0.000 xRT
INFO: fsg_search.c(871): fsg 0.00 wall 0.001 xRT
INFO: batch.c(761): an4test_clstk/mdms2/cen8-mdms2-b: 2.68 seconds speech, 0.00 seconds CPU, 0.00 seconds wall
INFO: batch.c(763): an4test_clstk/mdms2/cen8-mdms2-b: 0.00 xRT (CPU), 0.00 xRT (elapsed)
speech speech speech speech speech (an4test_clstk/mdms2/cen8-mdms2-b -5230)
an4test_clstk/mdms2/cen8-mdms2-b done --------------------------------------
INFO: batch.c(729): Decoding 'an4test_clstk/menk/an421-menk-b'
INFO: cmn.c(133): CMN: 44.34 14.74 -9.84 13.39  4.61  1.06 -7.47 10.45 -9.56  0.60 -1.94 -3.08 -5.92 
INFO: fsg_search.c(859): 135 frames, 672 HMMs (4/fr), 1206 senones (8/fr), 1095 history entries (8/fr)

INFO: fsg_search.c(869): fsg 0.00 CPU 0.003 xRT
INFO: fsg_search.c(871): fsg 0.00 wall 0.001 xRT
INFO: batch.c(761): an4test_clstk/menk/an421-menk-b: 1.35 seconds speech, 0.00 seconds CPU, 0.00 seconds wall
INFO: batch.c(763): an4test_clstk/menk/an421-menk-b: 0.00 xRT (CPU), 0.00 xRT (elapsed)
speech speech (an4test_clstk/menk/an421-menk-b -3191)
an4test_clstk/menk/an421-menk-b done --------------------------------------
INFO: batch.c(729): Decoding 'an4test_clstk/menk/an422-menk-b'
INFO: cmn.c(133): CMN: 45.68  8.70 -10.31 17.08  2.64  3.27 -7.73  3.88 -2.86 -4.78 -7.53 -5.21 -7.57 
INFO: fsg_search.c(859): 116 frames, 577 HMMs (4/fr), 1035 senones (8/fr), 903 history entries (7/fr)

INFO: fsg_search.c(869): fsg 0.00 CPU 0.000 xRT
INFO: fsg_search.c(871): fsg 0.00 wall 0.001 xRT
INFO: batch.c(761): an4test_clstk/menk/an422-menk-b: 1.16 seconds speech, 0.00 seconds CPU, 0.00 seconds wall
INFO: batch.c(763): an4test_clstk/menk/an422-menk-b: 0.00 xRT (CPU), 0.00 xRT (elapsed)
speech speech speech (an4test_clstk/menk/an422-menk-b -3411)
an4test_clstk/menk/an422-menk-b done --------------------------------------
INFO: batch.c(729): Decoding 'an4test_clstk/menk/an423-menk-b'
INFO: cmn.c(133): CMN: 46.66  0.28 -1.49 26.67 -5.60 -6.51 -1.35  1.96 -8.01 -3.96 -3.43 -4.31 -2.82 
INFO: fsg_search.c(859): 347 frames, 1726 HMMs (4/fr), 3096 senones (8/fr), 2889 history entries (8/fr)

INFO: fsg_search.c(869): fsg 0.00 CPU 0.001 xRT
INFO: fsg_search.c(871): fsg 0.00 wall 0.001 xRT
INFO: batch.c(761): an4test_clstk/menk/an423-menk-b: 3.47 seconds speech, 0.00 seconds CPU, 0.00 seconds wall
INFO: batch.c(763): an4test_clstk/menk/an423-menk-b: 0.00 xRT (CPU), 0.00 xRT (elapsed)
speech speech speech speech speech (an4test_clstk/menk/an423-menk-b -7591)
an4test_clstk/menk/an423-menk-b done --------------------------------------
INFO: batch.c(729): Decoding 'an4test_clstk/menk/an424-menk-b'
INFO: cmn.c(133): CMN: 51.22  3.77  0.27 12.50 -5.52 -0.77 -7.93  7.30 -9.63  3.61 -3.33 -6.22 -3.91 
INFO: fsg_search.c(859): 386 frames, 1814 HMMs (4/fr), 3126 senones (8/fr), 2364 history entries (6/fr)

INFO: fsg_search.c(869): fsg 0.00 CPU 0.001 xRT
INFO: fsg_search.c(871): fsg 0.00 wall 0.001 xRT
INFO: batch.c(761): an4test_clstk/menk/an424-menk-b: 3.86 seconds speech, 0.00 seconds CPU, 0.01 seconds wall
INFO: batch.c(763): an4test_clstk/menk/an424-menk-b: 0.00 xRT (CPU), 0.00 xRT (elapsed)
speech speech speech speech speech speech speech speech (an4test_clstk/menk/an424-menk-b -8014)
an4test_clstk/menk/an424-menk-b done --------------------------------------
INFO: batch.c(729): Decoding 'an4test_clstk/menk/an425-menk-b'
INFO: cmn.c(133): CMN: 45.46  1.37 -0.43 10.01  0.53  7.35 -12.46  6.35 -8.98 -0.45 -5.73 -6.52 -2.67 
INFO: fsg_search.c(859): 239 frames, 1147 HMMs (4/fr), 2007 senones (8/fr), 1686 history entries (7/fr)

INFO: fsg_search.c(869): fsg 0.00 CPU 0.002 xRT
INFO: fsg_search.c(871): fsg 0.00 wall 0.001 xRT
INFO: batch.c(761): an4test_clstk/menk/an425-menk-b: 2.39 seconds speech, 0.00 seconds CPU, 0.00 seconds wall
INFO: batch.c(763): an4test_clstk/menk/an425-menk-b: 0.00 xRT (CPU), 0.00 xRT (elapsed)
speech speech speech speech speech speech (an4test_clstk/menk/an425-menk-b -5447)
an4test_clstk/menk/an425-menk-b done --------------------------------------
INFO: batch.c(729): Decoding 'an4test_clstk/menk/cen1-menk-b'
INFO: cmn.c(133): CMN: 41.10 10.28 -7.14 25.14 -2.04 -6.96 -4.69  9.79 -12.87  1.17 -5.72  0.20 -6.72 
INFO: fsg_search.c(859): 290 frames, 1447 HMMs (4/fr), 2601 senones (8/fr), 2550 history entries (8/fr)

INFO: fsg_search.c(869): fsg 0.00 CPU 0.001 xRT
INFO: fsg_search.c(871): fsg 0.00 wall 0.001 xRT
INFO: batch.c(761): an4test_clstk/menk/cen1-menk-b: 2.90 seconds speech, 0.00 seconds CPU, 0.00 seconds wall
INFO: batch.c(763): an4test_clstk/menk/cen1-menk-b: 0.00 xRT (CPU), 0.00 xRT (elapsed)
speech speech speech speech (an4test_clstk/menk/cen1-menk-b -6365)
an4test_clstk/menk/cen1-menk-b done --------------------------------------
INFO: batch.c(729): Decoding 'an4test_clstk/menk/cen2-menk-b'
INFO: cmn.c(133): CMN: 47.95  7.75 -2.69 11.04 -8.11  2.82  0.04 14.31 -6.40  0.02 -3.07  4.43 -10.86 
INFO: fsg_search.c(859): 175 frames, 828 HMMs (4/fr), 1434 senones (8/fr), 1140 history entries (6/fr)

INFO: fsg_search.c(869): fsg 0.00 CPU 0.000 xRT
INFO: fsg_search.c(871): fsg 0.00 wall 0.001 xRT
INFO: batch.c(761): an4test_clstk/menk/cen2-menk-b: 1.75 seconds speech, 0.00 seconds CPU, 0.00 seconds wall
INFO: batch.c(763): an4test_clstk/menk/cen2-menk-b: 0.00 xRT (CPU), 0.00 xRT (elapsed)
speech speech speech speech (an4test_clstk/menk/cen2-menk-b -3287)
an4test_clstk/menk/cen2-menk-b done --------------------------------------
INFO: batch.c(729): Decoding 'an4test_clstk/menk/cen3-menk-b'
INFO: cmn.c(133): CMN: 46.12 -1.89 -1.25 10.48  2.77  3.39 -12.99  8.31 -5.46 -1.40 -5.29 -4.27 -2.07 
INFO: fsg_search.c(859): 219 frames, 1022 HMMs (4/fr), 1752 senones (8/fr), 1206 history entries (5/fr)

INFO: fsg_search.c(869): fsg 0.00 CPU 0.000 xRT
INFO: fsg_search.c(871): fsg 0.00 wall 0.001 xRT
INFO: batch.c(761): an4test_clstk/menk/cen3-menk-b: 2.19 seconds speech, 0.00 seconds CPU, 0.00 seconds wall
INFO: batch.c(763): an4test_clstk/menk/cen3-menk-b: 0.00 xRT (CPU), 0.00 xRT (elapsed)
speech speech speech speech speech (an4test_clstk/menk/cen3-menk-b -4813)
an4test_clstk/menk/cen3-menk-b done --------------------------------------
INFO: batch.c(729): Decoding 'an4test_clstk/menk/cen4-menk-b'
INFO: cmn.c(133): CMN: 49.08 10.78 -5.98 19.79 -10.38 -0.65 -1.94  8.02 -10.77 -3.21 -4.73 -0.83 -8.10 
INFO: fsg_search.c(859): 389 frames, 1864 HMMs (4/fr), 3258 senones (8/fr), 2604 history entries (6/fr)

INFO: fsg_search.c(869): fsg 0.01 CPU 0.002 xRT
INFO: fsg_search.c(871): fsg 0.00 wall 0.001 xRT
INFO: batch.c(761): an4test_clstk/menk/cen4-menk-b: 3.89 seconds speech, 0.01 seconds CPU, 0.01 seconds wall
INFO: batch.c(763): an4test_clstk/menk/cen4-menk-b: 0.00 xRT (CPU), 0.00 xRT (elapsed)
speech speech speech speech speech speech speech speech (an4test_clstk/menk/cen4-menk-b -8466)
an4test_clstk/menk/cen4-menk-b done --------------------------------------
INFO: batch.c(729): Decoding 'an4test_clstk/menk/cen5-menk-b'
INFO: cmn.c(133): CMN: 46.53  3.96 -6.63 24.13 -7.10 -3.23  2.32  5.45 -11.69  0.28 -7.77 -2.72 -6.14 
INFO: fsg_search.c(859): 408 frames, 1987 HMMs (4/fr), 3513 senones (8/fr), 3111 history entries (7/fr)

INFO: fsg_search.c(869): fsg 0.00 CPU 0.001 xRT
INFO: fsg_search.c(871): fsg 0.00 wall 0.001 xRT
INFO: batch.c(761): an4test_clstk/menk/cen5-menk-b: 4.08 seconds speech, 0.00 seconds CPU, 0.00 seconds wall
INFO: batch.c(763): an4test_clstk/menk/cen5-menk-b: 0.00 xRT (CPU), 0.00 xRT (elapsed)
speech speech speech speech speech (an4test_clstk/menk/cen5-menk-b -9126)
an4test_clstk/menk/cen5-menk-b done --------------------------------------
INFO: batch.c(729): Decoding 'an4test_clstk/menk/cen6-menk-b'
INFO: cmn.c(133): CMN: 45.72  5.81 -2.67  7.54 -3.49  2.79 -3.84 10.58 -18.54  9.43 -3.65 -4.13 -6.66 
INFO: fsg_search.c(859): 219 frames, 1054 HMMs (4/fr), 1848 senones (8/fr), 1539 history entries (7/fr)

INFO: fsg_search.c(869): fsg 0.00 CPU 0.000 xRT
INFO: fsg_search.c(871): fsg 0.00 wall 0.001 xRT
INFO: batch.c(761): an4test_clstk/menk/cen6-menk-b: 2.19 seconds speech, 0.00 seconds CPU, 0.00 seconds wall
INFO: batch.c(763): an4test_clstk/menk/cen6-menk-b: 0.00 xRT (CPU), 0.00 xRT (elapsed)
speech speech speech speech speech (an4test_clstk/menk/cen6-menk-b -4092)
an4test_clstk/menk/cen6-menk-b done --------------------------------------
INFO: batch.c(729): Decoding 'an4test_clstk/menk/cen7-menk-b'
INFO: cmn.c(133): CMN: 44.17  5.57 -3.26 11.99 -4.74 -0.75 -5.68  8.77 -10.15 -1.62 -5.06 -4.84 -6.10 
INFO: fsg_search.c(859): 289 frames, 1375 HMMs (4/fr), 2391 senones (8/fr), 1887 history entries (6/fr)

INFO: fsg_search.c(869): fsg 0.00 CPU 0.000 xRT
INFO: fsg_search.c(871): fsg 0.00 wall 0.001 xRT
INFO: batch.c(761): an4test_clstk/menk/cen7-menk-b: 2.89 seconds speech, 0.00 seconds CPU, 0.00 seconds wall
INFO: batch.c(763): an4test_clstk/menk/cen7-menk-b: 0.00 xRT (CPU), 0.00 xRT (elapsed)
speech speech speech speech speech speech (an4test_clstk/menk/cen7-menk-b -6444)
an4test_clstk/menk/cen7-menk-b done --------------------------------------
INFO: batch.c(729): Decoding 'an4test_clstk/menk/cen8-menk-b'
INFO: cmn.c(133): CMN: 47.35 -3.03  1.78  5.89 -3.42  5.31 -11.00  5.95 -13.27  7.01 -4.69 -4.06 -5.07 
INFO: fsg_search.c(859): 249 frames, 1191 HMMs (4/fr), 2079 senones (8/fr), 1674 history entries (6/fr)

INFO: fsg_search.c(869): fsg 0.00 CPU 0.002 xRT
INFO: fsg_search.c(871): fsg 0.00 wall 0.001 xRT
INFO: batch.c(761): an4test_clstk/menk/cen8-menk-b: 2.49 seconds speech, 0.00 seconds CPU, 0.00 seconds wall
INFO: batch.c(763): an4test_clstk/menk/cen8-menk-b: 0.00 xRT (CPU), 0.00 xRT (elapsed)
speech speech speech speech (an4test_clstk/menk/cen8-menk-b -4135)
an4test_clstk/menk/cen8-menk-b done --------------------------------------
INFO: batch.c(729): Decoding 'an4test_clstk/miry/an396-miry-b'
INFO: cmn.c(133): CMN: 49.66 -1.41 -0.45 13.63  2.22 -0.19 -7.78 -1.61 -3.72 -7.53  2.51 -1.10 -4.14 
INFO: fsg_search.c(859): 399 frames, 1992 HMMs (4/fr), 3582 senones (8/fr), 3252 history entries (8/fr)

INFO: fsg_search.c(869): fsg 0.00 CPU 0.001 xRT
INFO: fsg_search.c(871): fsg 0.01 wall 0.002 xRT
INFO: batch.c(761): an4test_clstk/miry/an396-miry-b: 3.99 seconds speech, 0.00 seconds CPU, 0.01 seconds wall
INFO: batch.c(763): an4test_clstk/miry/an396-miry-b: 0.00 xRT (CPU), 0.00 xRT (elapsed)
speech speech speech speech speech speech speech speech (an4test_clstk/miry/an396-miry-b -9480)
an4test_clstk/miry/an396-miry-b done --------------------------------------
INFO: batch.c(729): Decoding 'an4test_clstk/miry/an397-miry-b'
INFO: cmn.c(133): CMN: 50.58  1.14 -1.57  8.92 -6.64  1.30 -4.37 -1.22 -3.95 -3.01  3.09  1.64 -3.99 
INFO: fsg_search.c(859): 261 frames, 1292 HMMs (4/fr), 2310 senones (8/fr), 2031 history entries (7/fr)

INFO: fsg_search.c(869): fsg 0.00 CPU 0.002 xRT
INFO: fsg_search.c(871): fsg 0.00 wall 0.001 xRT
INFO: batch.c(761): an4test_clstk/miry/an397-miry-b: 2.61 seconds speech, 0.00 seconds CPU, 0.00 seconds wall
INFO: batch.c(763): an4test_clstk/miry/an397-miry-b: 0.00 xRT (CPU), 0.00 xRT (elapsed)
speech speech speech speech speech (an4test_clstk/miry/an397-miry-b -6990)
an4test_clstk/miry/an397-miry-b done --------------------------------------
INFO: batch.c(729): Decoding 'an4test_clstk/miry/an398-miry-b'
INFO: cmn.c(133): CMN: 47.41  1.44  3.46 13.52 -1.68  3.00 -3.18 -0.89 -6.67 -4.87  1.97 -1.43 -5.70 
INFO: fsg_search.c(859): 379 frames, 1875 HMMs (4/fr), 3351 senones (8/fr), 3210 history entries (8/fr)

INFO: fsg_search.c(869): fsg 0.00 CPU 0.001 xRT
INFO: fsg_search.c(871): fsg 0.00 wall 0.001 xRT
INFO: batch.c(761): an4test_clstk/miry/an398-miry-b: 3.79 seconds speech, 0.00 seconds CPU, 0.00 seconds wall
INFO: batch.c(763): an4test_clstk/miry/an398-miry-b: 0.00 xRT (CPU), 0.00 xRT (elapsed)
speech speech speech speech speech speech speech speech (an4test_clstk/miry/an398-miry-b -9409)
an4test_clstk/miry/an398-miry-b done --------------------------------------
INFO: batch.c(729): Decoding 'an4test_clstk/miry/an399-miry-b'
INFO: cmn.c(133): CMN: 52.08  3.61  3.05 11.74  0.75  1.37 -6.36  1.61 -6.82 -3.11 -0.18  1.29 -6.90 
INFO: fsg_search.c(859): 427 frames, 2061 HMMs (4/fr), 3621 senones (8/fr), 2796 history entries (6/fr)

INFO: fsg_search.c(869): fsg 0.00 CPU 0.001 xRT
INFO: fsg_search.c(871): fsg 0.00 wall 0.001 xRT
INFO: batch.c(761): an4test_clstk/miry/an399-miry-b: 4.27 seconds speech, 0.00 seconds CPU, 0.00 seconds wall
INFO: batch.c(763): an4test_clstk/miry/an399-miry-b: 0.00 xRT (CPU), 0.00 xRT (elapsed)
speech speech speech speech speech speech speech speech (an4test_clstk/miry/an399-miry-b -8790)
an4test_clstk/miry/an399-miry-b done --------------------------------------
INFO: batch.c(729): Decoding 'an4test_clstk/miry/an400-miry-b'
INFO: cmn.c(133): CMN: 46.13  1.58 -1.75 13.30  2.11  4.46 -8.96 -5.86 -2.73 -1.99 -1.44  4.22 -1.54 
INFO: fsg_search.c(859): 120 frames, 597 HMMs (4/fr), 1071 senones (8/fr), 1059 history entries (8/fr)

INFO: fsg_search.c(869): fsg 0.00 CPU 0.000 xRT
INFO: fsg_search.c(871): fsg 0.00 wall 0.002 xRT
INFO: batch.c(761): an4test_clstk/miry/an400-miry-b: 1.20 seconds speech, 0.00 seconds CPU, 0.00 seconds wall
INFO: batch.c(763): an4test_clstk/miry/an400-miry-b: 0.00 xRT (CPU), 0.00 xRT (elapsed)
speech speech (an4test_clstk/miry/an400-miry-b -3643)
an4test_clstk/miry/an400-miry-b done --------------------------------------
INFO: batch.c(729): Decoding 'an4test_clstk/miry/cen1-miry-b'
INFO: cmn.c(133): CMN: 46.41  2.98 -0.59 10.67  3.25 -8.59 -7.94 -0.66 -2.31 -4.22 -1.15  1.56 -3.10 
INFO: fsg_search.c(859): 309 frames, 1538 HMMs (4/fr), 2760 senones (8/fr), 2646 history entries (8/fr)

INFO: fsg_search.c(869): fsg 0.01 CPU 0.003 xRT
INFO: fsg_search.c(871): fsg 0.00 wall 0.001 xRT
INFO: batch.c(761): an4test_clstk/miry/cen1-miry-b: 3.09 seconds speech, 0.01 seconds CPU, 0.00 seconds wall
INFO: batch.c(763): an4test_clstk/miry/cen1-miry-b: 0.00 xRT (CPU), 0.00 xRT (elapsed)
speech speech speech speech speech speech (an4test_clstk/miry/cen1-miry-b -8476)
an4test_clstk/miry/cen1-miry-b done --------------------------------------
INFO: batch.c(729): Decoding 'an4test_clstk/miry/cen2-miry-b'
INFO: cmn.c(133): CMN: 46.93  0.64 -1.68 15.76  5.67 -6.61 -2.04  3.30 -7.86 -1.11  1.08  0.91 -6.66 
INFO: fsg_search.c(859): 199 frames, 992 HMMs (4/fr), 1782 senones (8/fr), 1734 history entries (8/fr)

INFO: fsg_search.c(869): fsg 0.00 CPU 0.000 xRT
INFO: fsg_search.c(871): fsg 0.00 wall 0.001 xRT
INFO: batch.c(761): an4test_clstk/miry/cen2-miry-b: 1.99 seconds speech, 0.00 seconds CPU, 0.00 seconds wall
INFO: batch.c(763): an4test_clstk/miry/cen2-miry-b: 0.00 xRT (CPU), 0.00 xRT (elapsed)
speech speech speech speech (an4test_clstk/miry/cen2-miry-b -5342)
an4test_clstk/miry/cen2-miry-b done --------------------------------------
INFO: batch.c(729): Decoding 'an4test_clstk/miry/cen3-miry-b'
INFO: cmn.c(133): CMN: 44.44  8.45 -3.71  7.44 -3.78  2.89 -1.10 -3.84 -3.65 -4.12 -2.87 -0.40 -3.35 
INFO: fsg_search.c(859): 179 frames, 892 HMMs (4/fr), 1602 senones (8/fr), 1476 history entries (8/fr)

INFO: fsg_search.c(869): fsg 0.00 CPU 0.002 xRT
INFO: fsg_search.c(871): fsg 0.00 wall 0.001 xRT
INFO: batch.c(761): an4test_clstk/miry/cen3-miry-b: 1.79 seconds speech, 0.00 seconds CPU, 0.00 seconds wall
INFO: batch.c(763): an4test_clstk/miry/cen3-miry-b: 0.00 xRT (CPU), 0.00 xRT (elapsed)
speech speech (an4test_clstk/miry/cen3-miry-b -4882)
an4test_clstk/miry/cen3-miry-b done --------------------------------------
INFO: batch.c(729): Decoding 'an4test_clstk/miry/cen4-miry-b'
INFO: cmn.c(133): CMN: 45.98  8.63  6.47 11.41 -8.19 -4.14  9.29 -1.37 -2.78 -9.57  2.74 -2.64 -2.55 
INFO: fsg_search.c(859): 369 frames, 1836 HMMs (4/fr), 3294 senones (8/fr), 3201 history entries (8/fr)

INFO: fsg_search.c(869): fsg 0.00 CPU 0.000 xRT
INFO: fsg_search.c(871): fsg 0.00 wall 0.001 xRT
INFO: batch.c(761): an4test_clstk/miry/cen4-miry-b: 3.69 seconds speech, 0.00 seconds CPU, 0.00 seconds wall
INFO: batch.c(763): an4test_clstk/miry/cen4-miry-b: 0.00 xRT (CPU), 0.00 xRT (elapsed)
speech speech speech speech speech speech speech speech speech (an4test_clstk/miry/cen4-miry-b -10202)
an4test_clstk/miry/cen4-miry-b done --------------------------------------
INFO: batch.c(729): Decoding 'an4test_clstk/miry/cen5-miry-b'
INFO: cmn.c(133): CMN: 46.38 -0.52  1.09 20.67  1.12 -2.81  1.43  2.22 -6.14 -7.28  1.67  0.56 -5.96 
INFO: fsg_search.c(859): 463 frames, 2302 HMMs (4/fr), 4128 senones (8/fr), 3948 history entries (8/fr)

INFO: fsg_search.c(869): fsg 0.01 CPU 0.002 xRT
INFO: fsg_search.c(871): fsg 0.01 wall 0.001 xRT
INFO: batch.c(761): an4test_clstk/miry/cen5-miry-b: 4.63 seconds speech, 0.01 seconds CPU, 0.01 seconds wall
INFO: batch.c(763): an4test_clstk/miry/cen5-miry-b: 0.00 xRT (CPU), 0.00 xRT (elapsed)
speech speech speech speech speech speech speech (an4test_clstk/miry/cen5-miry-b -11015)
an4test_clstk/miry/cen5-miry-b done --------------------------------------
INFO: batch.c(729): Decoding 'an4test_clstk/miry/cen6-miry-b'
INFO: cmn.c(133): CMN: 45.66  6.71 -0.06  5.30 -0.32  2.05 -3.57  0.05 -8.52 -0.07  0.16 -3.13 -3.47 
INFO: fsg_search.c(859): 259 frames, 1280 HMMs (4/fr), 2286 senones (8/fr), 1974 history entries (7/fr)

INFO: fsg_search.c(869): fsg 0.00 CPU 0.002 xRT
INFO: fsg_search.c(871): fsg 0.00 wall 0.001 xRT
INFO: batch.c(761): an4test_clstk/miry/cen6-miry-b: 2.59 seconds speech, 0.00 seconds CPU, 0.00 seconds wall
INFO: batch.c(763): an4test_clstk/miry/cen6-miry-b: 0.00 xRT (CPU), 0.00 xRT (elapsed)
speech speech speech speech speech speech (an4test_clstk/miry/cen6-miry-b -6692)
an4test_clstk/miry/cen6-miry-b done --------------------------------------
INFO: batch.c(729): Decoding 'an4test_clstk/miry/cen7-miry-b'
INFO: cmn.c(133): CMN: 47.73  0.87  0.58  5.46 -3.70  4.18 -10.56 -1.62 -1.30 -2.42 -0.28 -7.03  0.73 
INFO: fsg_search.c(859): 328 frames, 1576 HMMs (4/fr), 2760 senones (8/fr), 2109 history entries (6/fr)

INFO: fsg_search.c(869): fsg 0.00 CPU 0.001 xRT
INFO: fsg_search.c(871): fsg 0.00 wall 0.001 xRT
INFO: batch.c(761): an4test_clstk/miry/cen7-miry-b: 3.28 seconds speech, 0.00 seconds CPU, 0.00 seconds wall
INFO: batch.c(763): an4test_clstk/miry/cen7-miry-b: 0.00 xRT (CPU), 0.00 xRT (elapsed)
speech speech speech speech speech speech (an4test_clstk/miry/cen7-miry-b -6878)
an4test_clstk/miry/cen7-miry-b done --------------------------------------
INFO: batch.c(729): Decoding 'an4test_clstk/miry/cen8-miry-b'
INFO: cmn.c(133): CMN: 47.94 -1.28  0.73  9.20 -1.77  4.70 -5.25 -5.80  0.76 -2.18 -1.08  1.04 -1.46 
INFO: fsg_search.c(859): 279 frames, 1296 HMMs (4/fr), 2214 senones (7/fr), 1596 history entries (5/fr)

INFO: fsg_search.c(869): fsg 0.00 CPU 0.001 xRT
INFO: fsg_search.c(871): fsg 0.00 wall 0.001 xRT
INFO: batch.c(761): an4test_clstk/miry/cen8-miry-b: 2.79 seconds speech, 0.00 seconds CPU, 0.00 seconds wall
INFO: batch.c(763): an4test_clstk/miry/cen8-miry-b: 0.00 xRT (CPU), 0.00 xRT (elapsed)
speech speech speech speech speech speech speech (an4test_clstk/miry/cen8-miry-b -5104)
an4test_clstk/miry/cen8-miry-b done --------------------------------------
INFO: batch.c(729): Decoding 'an4test_clstk/mjgm/an436-mjgm-b'
INFO: cmn.c(133): CMN: 36.28 -4.00 -1.57  7.58 -5.49  5.64 -14.62 -2.58 -1.22  1.78 -1.57 -0.56  1.00 
INFO: fsg_search.c(859): 150 frames, 747 HMMs (4/fr), 1341 senones (8/fr), 1041 history entries (6/fr)

INFO: fsg_search.c(869): fsg 0.00 CPU 0.000 xRT
INFO: fsg_search.c(871): fsg 0.00 wall 0.002 xRT
INFO: batch.c(761): an4test_clstk/mjgm/an436-mjgm-b: 1.50 seconds speech, 0.00 seconds CPU, 0.00 seconds wall
INFO: batch.c(763): an4test_clstk/mjgm/an436-mjgm-b: 0.00 xRT (CPU), 0.00 xRT (elapsed)
speech speech speech (an4test_clstk/mjgm/an436-mjgm-b -3562)
an4test_clstk/mjgm/an436-mjgm-b done --------------------------------------
INFO: batch.c(729): Decoding 'an4test_clstk/mjgm/an437-mjgm-b'
INFO: cmn.c(133): CMN: 37.36  3.63 -0.37 27.72 -10.12 -0.72 -5.33  1.24 -3.37 -7.28  2.58 -0.85  0.10 
INFO: fsg_search.c(859): 211 frames, 1040 HMMs (4/fr), 1854 senones (8/fr), 1692 history entries (8/fr)

INFO: fsg_search.c(869): fsg 0.00 CPU 0.000 xRT
INFO: fsg_search.c(871): fsg 0.00 wall 0.001 xRT
INFO: batch.c(761): an4test_clstk/mjgm/an437-mjgm-b: 2.11 seconds speech, 0.00 seconds CPU, 0.00 seconds wall
INFO: batch.c(763): an4test_clstk/mjgm/an437-mjgm-b: 0.00 xRT (CPU), 0.00 xRT (elapsed)
speech speech speech speech speech (an4test_clstk/mjgm/an437-mjgm-b -5960)
an4test_clstk/mjgm/an437-mjgm-b done --------------------------------------
INFO: batch.c(729): Decoding 'an4test_clstk/mjgm/an438-mjgm-b'
INFO: cmn.c(133): CMN: 38.43  2.78 -4.67 19.04 -11.53  2.55 -9.59 -1.31 -2.24 -3.00  5.94 -2.27 -2.99 
INFO: fsg_search.c(859): 269 frames, 1332 HMMs (4/fr), 2382 senones (8/fr), 1800 history entries (6/fr)

INFO: fsg_search.c(869): fsg 0.00 CPU 0.001 xRT
INFO: fsg_search.c(871): fsg 0.00 wall 0.001 xRT
INFO: batch.c(761): an4test_clstk/mjgm/an438-mjgm-b: 2.69 seconds speech, 0.00 seconds CPU, 0.00 seconds wall
INFO: batch.c(763): an4test_clstk/mjgm/an438-mjgm-b: 0.00 xRT (CPU), 0.00 xRT (elapsed)
speech speech speech speech speech (an4test_clstk/mjgm/an438-mjgm-b -5364)
an4test_clstk/mjgm/an438-mjgm-b done --------------------------------------
INFO: batch.c(729): Decoding 'an4test_clstk/mjgm/an439-mjgm-b'
INFO: cmn.c(133): CMN: 38.98 -0.46 -4.37  9.19 -5.92 -1.43 -14.83  1.14 -3.12 -0.38 -0.94 -2.33  2.55 
INFO: fsg_search.c(859): 186 frames, 886 HMMs (4/fr), 1542 senones (8/fr), 1362 history entries (7/fr)

INFO: fsg_search.c(869): fsg 0.00 CPU 0.002 xRT
INFO: fsg_search.c(871): fsg 0.00 wall 0.001 xRT
INFO: batch.c(761): an4test_clstk/mjgm/an439-mjgm-b: 1.86 seconds speech, 0.00 seconds CPU, 0.00 seconds wall
INFO: batch.c(763): an4test_clstk/mjgm/an439-mjgm-b: 0.00 xRT (CPU), 0.00 xRT (elapsed)
speech speech (an4test_clstk/mjgm/an439-mjgm-b -4094)
an4test_clstk/mjgm/an439-mjgm-b done --------------------------------------
INFO: batch.c(729): Decoding 'an4test_clstk/mjgm/an440-mjgm-b'
INFO: cmn.c(133): CMN: 32.20 -0.73  1.35 -7.31 -8.53  4.81 -4.41  1.60 -8.06  5.36  2.98 -0.92  1.44 
INFO: fsg_search.c(859): 61 frames, 302 HMMs (4/fr), 540 senones (8/fr), 468 history entries (7/fr)

INFO: fsg_search.c(869): fsg 0.00 CPU 0.000 xRT
INFO: fsg_search.c(871): fsg 0.00 wall 0.001 xRT
INFO: batch.c(761): an4test_clstk/mjgm/an440-mjgm-b: 0.61 seconds speech, 0.00 seconds CPU, 0.00 seconds wall
INFO: batch.c(763): an4test_clstk/mjgm/an440-mjgm-b: 0.00 xRT (CPU), 0.00 xRT (elapsed)
speech speech (an4test_clstk/mjgm/an440-mjgm-b -1878)
an4test_clstk/mjgm/an440-mjgm-b done --------------------------------------
INFO: batch.c(729): Decoding 'an4test_clstk/mjgm/cen1-mjgm-b'
INFO: cmn.c(133): CMN: 40.42  6.16 -5.45  8.27 -9.13  1.52 -11.71  3.46 -0.29 -1.23  0.75  0.86 -0.52 
INFO: fsg_search.c(859): 179 frames, 886 HMMs (4/fr), 1584 senones (8/fr), 1455 history entries (8/fr)

INFO: fsg_search.c(869): fsg 0.00 CPU 0.000 xRT
INFO: fsg_search.c(871): fsg 0.00 wall 0.001 xRT
INFO: batch.c(761): an4test_clstk/mjgm/cen1-mjgm-b: 1.79 seconds speech, 0.00 seconds CPU, 0.00 seconds wall
INFO: batch.c(763): an4test_clstk/mjgm/cen1-mjgm-b: 0.00 xRT (CPU), 0.00 xRT (elapsed)
speech speech speech speech (an4test_clstk/mjgm/cen1-mjgm-b -5089)
an4test_clstk/mjgm/cen1-mjgm-b done --------------------------------------
INFO: batch.c(729): Decoding 'an4test_clstk/mjgm/cen2-mjgm-b'
INFO: cmn.c(133): CMN: 42.03  2.28 -2.97 16.61 -9.55 -0.40 -20.20  1.14 -6.68 -2.53  2.89 -0.93  3.45 
INFO: fsg_search.c(859): 139 frames, 692 HMMs (4/fr), 1242 senones (8/fr), 1236 history entries (8/fr)

INFO: fsg_search.c(869): fsg 0.00 CPU 0.003 xRT
INFO: fsg_search.c(871): fsg 0.00 wall 0.001 xRT
INFO: batch.c(761): an4test_clstk/mjgm/cen2-mjgm-b: 1.39 seconds speech, 0.00 seconds CPU, 0.00 seconds wall
INFO: batch.c(763): an4test_clstk/mjgm/cen2-mjgm-b: 0.00 xRT (CPU), 0.00 xRT (elapsed)
 (an4test_clstk/mjgm/cen2-mjgm-b -3497)
an4test_clstk/mjgm/cen2-mjgm-b done --------------------------------------
INFO: batch.c(729): Decoding 'an4test_clstk/mjgm/cen3-mjgm-b'
INFO: cmn.c(133): CMN: 43.33 -6.67 -0.64 11.50 -1.06  0.19 -15.25  3.48  0.26 -4.03 -6.40 -0.50  3.66 
INFO: fsg_search.c(859): 139 frames, 662 HMMs (4/fr), 1152 senones (8/fr), 804 history entries (5/fr)

INFO: fsg_search.c(869): fsg 0.00 CPU 0.000 xRT
INFO: fsg_search.c(871): fsg 0.00 wall 0.001 xRT
INFO: batch.c(761): an4test_clstk/mjgm/cen3-mjgm-b: 1.39 seconds speech, 0.00 seconds CPU, 0.00 seconds wall
INFO: batch.c(763): an4test_clstk/mjgm/cen3-mjgm-b: 0.00 xRT (CPU), 0.00 xRT (elapsed)
speech speech (an4test_clstk/mjgm/cen3-mjgm-b -3332)
an4test_clstk/mjgm/cen3-mjgm-b done --------------------------------------
INFO: batch.c(729): Decoding 'an4test_clstk/mjgm/cen4-mjgm-b'
INFO: cmn.c(133): CMN: 47.83  7.88 -1.09 17.34 -14.47 -0.06 -7.51 -1.01 -3.72 -0.88  4.14 -1.72 -3.96 
INFO: fsg_search.c(859): 263 frames, 1294 HMMs (4/fr), 2304 senones (8/fr), 2019 history entries (7/fr)

INFO: fsg_search.c(869): fsg 0.00 CPU 0.000 xRT
INFO: fsg_search.c(871): fsg 0.00 wall 0.001 xRT
INFO: batch.c(761): an4test_clstk/mjgm/cen4-mjgm-b: 2.63 seconds speech, 0.00 seconds CPU, 0.00 seconds wall
INFO: batch.c(763): an4test_clstk/mjgm/cen4-mjgm-b: 0.00 xRT (CPU), 0.00 xRT (elapsed)
speech speech speech speech speech speech (an4test_clstk/mjgm/cen4-mjgm-b -7452)
an4test_clstk/mjgm/cen4-mjgm-b done --------------------------------------
INFO: batch.c(729): Decoding 'an4test_clstk/mjgm/cen5-mjgm-b'
INFO: cmn.c(133): CMN: 42.56 -0.30  0.53 21.97 -9.41  2.87 -8.75  1.54 -3.40 -6.73  0.31 -1.41  0.71 
INFO: fsg_search.c(859): 333 frames, 1607 HMMs (4/fr), 2823 senones (8/fr), 1881 history entries (5/fr)

INFO: fsg_search.c(869): fsg 0.00 CPU 0.000 xRT
INFO: fsg_search.c(871): fsg 0.00 wall 0.001 xRT
INFO: batch.c(761): an4test_clstk/mjgm/cen5-mjgm-b: 3.33 seconds speech, 0.00 seconds CPU, 0.00 seconds wall
INFO: batch.c(763): an4test_clstk/mjgm/cen5-mjgm-b: 0.00 xRT (CPU), 0.00 xRT (elapsed)
speech speech speech speech speech (an4test_clstk/mjgm/cen5-mjgm-b -7231)
an4test_clstk/mjgm/cen5-mjgm-b done --------------------------------------
INFO: batch.c(729): Decoding 'an4test_clstk/mjgm/cen6-mjgm-b'
INFO: cmn.c(133): CMN: 43.40  4.45 -6.66  8.99 -8.80  4.81 -11.36 -0.21 -0.33 -5.77  1.08 -1.26 -1.44 
INFO: fsg_search.c(859): 226 frames, 1115 HMMs (4/fr), 1989 senones (8/fr), 1557 history entries (6/fr)

INFO: fsg_search.c(869): fsg 0.00 CPU 0.002 xRT
INFO: fsg_search.c(871): fsg 0.00 wall 0.001 xRT
INFO: batch.c(761): an4test_clstk/mjgm/cen6-mjgm-b: 2.26 seconds speech, 0.00 seconds CPU, 0.00 seconds wall
INFO: batch.c(763): an4test_clstk/mjgm/cen6-mjgm-b: 0.00 xRT (CPU), 0.00 xRT (elapsed)
speech speech speech speech (an4test_clstk/mjgm/cen6-mjgm-b -5433)
an4test_clstk/mjgm/cen6-mjgm-b done --------------------------------------
INFO: batch.c(729): Decoding 'an4test_clstk/mjgm/cen7-mjgm-b'
INFO: cmn.c(133): CMN: 39.15  1.15 -5.03 13.04 -6.32  2.12 -15.24  2.30 -5.89 -0.74  0.33 -5.62  2.89 
INFO: fsg_search.c(859): 249 frames, 1227 HMMs (4/fr), 2187 senones (8/fr), 1662 history entries (6/fr)

INFO: fsg_search.c(869): fsg 0.00 CPU 0.000 xRT
INFO: fsg_search.c(871): fsg 0.00 wall 0.001 xRT
INFO: batch.c(761): an4test_clstk/mjgm/cen7-mjgm-b: 2.49 seconds speech, 0.00 seconds CPU, 0.00 seconds wall
INFO: batch.c(763): an4test_clstk/mjgm/cen7-mjgm-b: 0.00 xRT (CPU), 0.00 xRT (elapsed)
speech speech speech speech speech (an4test_clstk/mjgm/cen7-mjgm-b -6104)
an4test_clstk/mjgm/cen7-mjgm-b done --------------------------------------
INFO: batch.c(729): Decoding 'an4test_clstk/mjgm/cen8-mjgm-b'
INFO: cmn.c(133): CMN: 39.24  3.58 -6.30 10.63 -5.86  1.95 -15.39 -1.17 -1.30  2.81 -1.19 -2.45  3.16 
INFO: fsg_search.c(859): 165 frames, 777 HMMs (4/fr), 1341 senones (8/fr), 945 history entries (5/fr)

INFO: fsg_search.c(869): fsg 0.00 CPU 0.002 xRT
INFO: fsg_search.c(871): fsg 0.00 wall 0.001 xRT
INFO: batch.c(761): an4test_clstk/mjgm/cen8-mjgm-b: 1.65 seconds speech, 0.00 seconds CPU, 0.00 seconds wall
INFO: batch.c(763): an4test_clstk/mjgm/cen8-mjgm-b: 0.00 xRT (CPU), 0.00 xRT (elapsed)
speech speech speech (an4test_clstk/mjgm/cen8-mjgm-b -2842)
an4test_clstk/mjgm/cen8-mjgm-b done --------------------------------------
INFO: batch.c(729): Decoding 'an4test_clstk/mjwl/an391-mjwl-b'
INFO: cmn.c(133): CMN: 42.80  3.92  2.26 17.08 -2.57 -5.39  2.41 -10.91  1.00 -7.68 -7.24 -2.61 -7.13 
INFO: fsg_search.c(859): 160 frames, 747 HMMs (4/fr), 1281 senones (8/fr), 816 history entries (5/fr)

INFO: fsg_search.c(869): fsg 0.00 CPU 0.000 xRT
INFO: fsg_search.c(871): fsg 0.00 wall 0.001 xRT
INFO: batch.c(761): an4test_clstk/mjwl/an391-mjwl-b: 1.60 seconds speech, 0.00 seconds CPU, 0.00 seconds wall
INFO: batch.c(763): an4test_clstk/mjwl/an391-mjwl-b: 0.00 xRT (CPU), 0.00 xRT (elapsed)
speech speech speech (an4test_clstk/mjwl/an391-mjwl-b -3450)
an4test_clstk/mjwl/an391-mjwl-b done --------------------------------------
INFO: batch.c(729): Decoding 'an4test_clstk/mjwl/an392-mjwl-b'
INFO: cmn.c(133): CMN: 28.59  3.28 -4.72 12.19  4.34  0.78 -1.77 -7.84 -1.29 -9.36 -2.27  1.22 -6.14 
INFO: fsg_search.c(859): 79 frames, 392 HMMs (4/fr), 702 senones (8/fr), 696 history entries (8/fr)

INFO: fsg_search.c(869): fsg 0.00 CPU 0.000 xRT
INFO: fsg_search.c(871): fsg 0.00 wall 0.001 xRT
INFO: batch.c(761): an4test_clstk/mjwl/an392-mjwl-b: 0.79 seconds speech, 0.00 seconds CPU, 0.00 seconds wall
INFO: batch.c(763): an4test_clstk/mjwl/an392-mjwl-b: 0.00 xRT (CPU), 0.00 xRT (elapsed)
speech speech (an4test_clstk/mjwl/an392-mjwl-b -2210)
an4test_clstk/mjwl/an392-mjwl-b done --------------------------------------
INFO: batch.c(729): Decoding 'an4test_clstk/mjwl/an393-mjwl-b'
INFO: cmn.c(133): CMN: 42.63 -1.85 -1.09 31.93  0.55 -6.42  6.96 -7.60  0.42 -9.70  0.18 -0.74 -15.39 
INFO: fsg_search.c(859): 232 frames, 1157 HMMs (4/fr), 2079 senones (8/fr), 1941 history entries (8/fr)

INFO: fsg_search.c(869): fsg 0.00 CPU 0.002 xRT
INFO: fsg_search.c(871): fsg 0.00 wall 0.001 xRT
INFO: batch.c(761): an4test_clstk/mjwl/an393-mjwl-b: 2.32 seconds speech, 0.00 seconds CPU, 0.00 seconds wall
INFO: batch.c(763): an4test_clstk/mjwl/an393-mjwl-b: 0.00 xRT (CPU), 0.00 xRT (elapsed)
speech speech speech speech (an4test_clstk/mjwl/an393-mjwl-b -7138)
an4test_clstk/mjwl/an393-mjwl-b done --------------------------------------
INFO: batch.c(729): Decoding 'an4test_clstk/mjwl/an394-mjwl-b'
INFO: cmn.c(133): CMN: 39.99  3.03 -2.10 20.05 -1.18 -4.54  3.30 -9.93 -1.24 -4.53 -4.67  4.03 -12.45 
INFO: fsg_search.c(859): 361 frames, 1802 HMMs (4/fr), 3240 senones (8/fr), 2973 history entries (8/fr)

INFO: fsg_search.c(869): fsg 0.00 CPU 0.001 xRT
INFO: fsg_search.c(871): fsg 0.00 wall 0.001 xRT
INFO: batch.c(761): an4test_clstk/mjwl/an394-mjwl-b: 3.61 seconds speech, 0.00 seconds CPU, 0.00 seconds wall
INFO: batch.c(763): an4test_clstk/mjwl/an394-mjwl-b: 0.00 xRT (CPU), 0.00 xRT (elapsed)
speech speech speech (an4test_clstk/mjwl/an394-mjwl-b -7650)
an4test_clstk/mjwl/an394-mjwl-b done --------------------------------------
INFO: batch.c(729): Decoding 'an4test_clstk/mjwl/an395-mjwl-b'
INFO: cmn.c(133): CMN: 39.84  9.20 -4.23  3.76 -8.69 -0.63  4.40 -10.17 -1.02 -2.74 -4.23 -5.03 -3.29 
INFO: fsg_search.c(859): 189 frames, 922 HMMs (4/fr), 1632 senones (8/fr), 1284 history entries (6/fr)

INFO: fsg_search.c(869): fsg 0.00 CPU 0.000 xRT
INFO: fsg_search.c(871): fsg 0.00 wall 0.001 xRT
INFO: batch.c(761): an4test_clstk/mjwl/an395-mjwl-b: 1.89 seconds speech, 0.00 seconds CPU, 0.00 seconds wall
INFO: batch.c(763): an4test_clstk/mjwl/an395-mjwl-b: 0.00 xRT (CPU), 0.00 xRT (elapsed)
speech speech speech (an4test_clstk/mjwl/an395-mjwl-b -3278)
an4test_clstk/mjwl/an395-mjwl-b done --------------------------------------
INFO: batch.c(729): Decoding 'an4test_clstk/mjwl/cen1-mjwl-b'
INFO: cmn.c(133): CMN: 45.90  4.08 -7.87 17.47 -3.13 -8.61  4.61 -13.08  0.06 -1.64 -3.83 -1.24 -9.71 
INFO: fsg_search.c(859): 204 frames, 1015 HMMs (4/fr), 1821 senones (8/fr), 1674 history entries (8/fr)

INFO: fsg_search.c(869): fsg 0.00 CPU 0.002 xRT
INFO: fsg_search.c(871): fsg 0.00 wall 0.001 xRT
INFO: batch.c(761): an4test_clstk/mjwl/cen1-mjwl-b: 2.04 seconds speech, 0.00 seconds CPU, 0.00 seconds wall
INFO: batch.c(763): an4test_clstk/mjwl/cen1-mjwl-b: 0.00 xRT (CPU), 0.00 xRT (elapsed)
speech speech speech speech (an4test_clstk/mjwl/cen1-mjwl-b -6654)
an4test_clstk/mjwl/cen1-mjwl-b done --------------------------------------
INFO: batch.c(729): Decoding 'an4test_clstk/mjwl/cen2-mjwl-b'
INFO: cmn.c(133): CMN: 44.92  4.93 -9.80 15.70 -6.94 -12.88  0.38 -7.23 -4.71 -3.40 -2.80  0.17 -5.54 
INFO: fsg_search.c(859): 219 frames, 1090 HMMs (4/fr), 1956 senones (8/fr), 1701 history entries (7/fr)

INFO: fsg_search.c(869): fsg 0.00 CPU 0.000 xRT
INFO: fsg_search.c(871): fsg 0.00 wall 0.001 xRT
INFO: batch.c(761): an4test_clstk/mjwl/cen2-mjwl-b: 2.19 seconds speech, 0.00 seconds CPU, 0.00 seconds wall
INFO: batch.c(763): an4test_clstk/mjwl/cen2-mjwl-b: 0.00 xRT (CPU), 0.00 xRT (elapsed)
speech speech speech (an4test_clstk/mjwl/cen2-mjwl-b -4706)
an4test_clstk/mjwl/cen2-mjwl-b done --------------------------------------
INFO: batch.c(729): Decoding 'an4test_clstk/mjwl/cen3-mjwl-b'
INFO: cmn.c(133): CMN: 42.27  4.65 -1.30 16.42  5.29 -14.10 17.12 -5.11 -3.78 -18.52 -6.94  5.90 -7.49 
INFO: fsg_search.c(859): 95 frames, 472 HMMs (4/fr), 846 senones (8/fr), 831 history entries (8/fr)

INFO: fsg_search.c(869): fsg 0.00 CPU 0.000 xRT
INFO: fsg_search.c(871): fsg 0.00 wall 0.001 xRT
INFO: batch.c(761): an4test_clstk/mjwl/cen3-mjwl-b: 0.95 seconds speech, 0.00 seconds CPU, 0.00 seconds wall
INFO: batch.c(763): an4test_clstk/mjwl/cen3-mjwl-b: 0.00 xRT (CPU), 0.00 xRT (elapsed)
speech speech (an4test_clstk/mjwl/cen3-mjwl-b -2928)
an4test_clstk/mjwl/cen3-mjwl-b done --------------------------------------
INFO: batch.c(729): Decoding 'an4test_clstk/mjwl/cen4-mjwl-b'
INFO: cmn.c(133): CMN: 44.60  2.45 -4.53 20.47 -7.31 -13.58  6.37 -6.29 -0.38 -5.53 -6.89 -1.43 -10.21 
INFO: fsg_search.c(859): 249 frames, 1234 HMMs (4/fr), 2208 senones (8/fr), 1878 history entries (7/fr)

INFO: fsg_search.c(869): fsg 0.00 CPU 0.002 xRT
INFO: fsg_search.c(871): fsg 0.00 wall 0.001 xRT
INFO: batch.c(761): an4test_clstk/mjwl/cen4-mjwl-b: 2.49 seconds speech, 0.00 seconds CPU, 0.00 seconds wall
INFO: batch.c(763): an4test_clstk/mjwl/cen4-mjwl-b: 0.00 xRT (CPU), 0.00 xRT (elapsed)
speech speech speech speech (an4test_clstk/mjwl/cen4-mjwl-b -5444)
an4test_clstk/mjwl/cen4-mjwl-b done --------------------------------------
INFO: batch.c(729): Decoding 'an4test_clstk/mjwl/cen5-mjwl-b'
INFO: cmn.c(133): CMN: 46.69  2.98 -7.56 17.00 -2.98 -12.54  1.35 -10.77 -2.36 -3.05 -5.73 -0.81 -8.40 
INFO: fsg_search.c(859): 275 frames, 1372 HMMs (4/fr), 2466 senones (8/fr), 2292 history entries (8/fr)

INFO: fsg_search.c(869): fsg 0.00 CPU 0.000 xRT
INFO: fsg_search.c(871): fsg 0.00 wall 0.001 xRT
INFO: batch.c(761): an4test_clstk/mjwl/cen5-mjwl-b: 2.75 seconds speech, 0.00 seconds CPU, 0.00 seconds wall
INFO: batch.c(763): an4test_clstk/mjwl/cen5-mjwl-b: 0.00 xRT (CPU), 0.00 xRT (elapsed)
speech speech speech speech speech speech (an4test_clstk/mjwl/cen5-mjwl-b -7989)
an4test_clstk/mjwl/cen5-mjwl-b done --------------------------------------
INFO: batch.c(729): Decoding 'an4test_clstk/mjwl/cen6-mjwl-b'
INFO: cmn.c(133): CMN: 39.08  5.56 -4.94  8.85 -1.78 -3.98  1.88 -12.47 -3.07 -0.53 -6.55 -2.57 -5.97 
INFO: fsg_search.c(859): 189 frames, 941 HMMs (4/fr), 1689 senones (8/fr), 1404 history entries (7/fr)

INFO: fsg_search.c(869): fsg 0.00 CPU 0.002 xRT
INFO: fsg_search.c(871): fsg 0.00 wall 0.001 xRT
INFO: batch.c(761): an4test_clstk/mjwl/cen6-mjwl-b: 1.89 seconds speech, 0.00 seconds CPU, 0.00 seconds wall
INFO: batch.c(763): an4test_clstk/mjwl/cen6-mjwl-b: 0.00 xRT (CPU), 0.00 xRT (elapsed)
speech speech speech speech (an4test_clstk/mjwl/cen6-mjwl-b -4314)
an4test_clstk/mjwl/cen6-mjwl-b done --------------------------------------
INFO: batch.c(729): Decoding 'an4test_clstk/mjwl/cen7-mjwl-b'
INFO: cmn.c(133): CMN: 42.20 -0.39 -3.76 14.61  0.53 -4.56 -1.49 -11.72 -4.53 -4.81 -4.38  0.06 -7.94 
INFO: fsg_search.c(859): 214 frames, 1067 HMMs (4/fr), 1917 senones (8/fr), 1632 history entries (7/fr)

INFO: fsg_search.c(869): fsg 0.00 CPU 0.002 xRT
INFO: fsg_search.c(871): fsg 0.00 wall 0.001 xRT
INFO: batch.c(761): an4test_clstk/mjwl/cen7-mjwl-b: 2.14 seconds speech, 0.00 seconds CPU, 0.00 seconds wall
INFO: batch.c(763): an4test_clstk/mjwl/cen7-mjwl-b: 0.00 xRT (CPU), 0.00 xRT (elapsed)
speech speech speech speech (an4test_clstk/mjwl/cen7-mjwl-b -5683)
an4test_clstk/mjwl/cen7-mjwl-b done --------------------------------------
INFO: batch.c(729): Decoding 'an4test_clstk/mjwl/cen8-mjwl-b'
INFO: cmn.c(133): CMN: 37.73 -3.80 -1.84 18.29  1.38 -12.30  2.77 -8.71  4.38 -12.40 -3.05 -3.14 -6.25 
INFO: fsg_search.c(859): 229 frames, 1090 HMMs (4/fr), 1896 senones (8/fr), 1491 history entries (6/fr)

INFO: fsg_search.c(869): fsg 0.00 CPU 0.000 xRT
INFO: fsg_search.c(871): fsg 0.00 wall 0.001 xRT
INFO: batch.c(761): an4test_clstk/mjwl/cen8-mjwl-b: 2.29 seconds speech, 0.00 seconds CPU, 0.00 seconds wall
INFO: batch.c(763): an4test_clstk/mjwl/cen8-mjwl-b: 0.00 xRT (CPU), 0.00 xRT (elapsed)
speech speech speech speech speech speech (an4test_clstk/mjwl/cen8-mjwl-b -5158)
an4test_clstk/mjwl/cen8-mjwl-b done --------------------------------------
INFO: batch.c(729): Decoding 'an4test_clstk/mmxg/an441-mmxg-b'
INFO: cmn.c(133): CMN: 44.48  0.58 -2.72 21.57 -3.30 -3.71 -10.53 -0.18 -5.72 -5.44 -6.20  5.14 -6.37 
INFO: fsg_search.c(859): 335 frames, 1627 HMMs (4/fr), 2871 senones (8/fr), 2568 history entries (7/fr)

INFO: fsg_search.c(869): fsg 0.00 CPU 0.001 xRT
INFO: fsg_search.c(871): fsg 0.00 wall 0.001 xRT
INFO: batch.c(761): an4test_clstk/mmxg/an441-mmxg-b: 3.35 seconds speech, 0.00 seconds CPU, 0.00 seconds wall
INFO: batch.c(763): an4test_clstk/mmxg/an441-mmxg-b: 0.00 xRT (CPU), 0.00 xRT (elapsed)
speech speech speech speech speech speech speech speech (an4test_clstk/mmxg/an441-mmxg-b -7750)
an4test_clstk/mmxg/an441-mmxg-b done --------------------------------------
INFO: batch.c(729): Decoding 'an4test_clstk/mmxg/an442-mmxg-b'
INFO: cmn.c(133): CMN: 39.52 -6.58  1.38 17.18 -9.41  2.19 -5.97 -5.27 -0.14 -9.55  2.31  0.50 -4.11 
INFO: fsg_search.c(859): 74 frames, 367 HMMs (4/fr), 657 senones (8/fr), 465 history entries (6/fr)

INFO: fsg_search.c(869): fsg 0.00 CPU 0.005 xRT
INFO: fsg_search.c(871): fsg 0.00 wall 0.001 xRT
INFO: batch.c(761): an4test_clstk/mmxg/an442-mmxg-b: 0.74 seconds speech, 0.00 seconds CPU, 0.00 seconds wall
INFO: batch.c(763): an4test_clstk/mmxg/an442-mmxg-b: 0.01 xRT (CPU), 0.00 xRT (elapsed)
speech speech (an4test_clstk/mmxg/an442-mmxg-b -1781)
an4test_clstk/mmxg/an442-mmxg-b done --------------------------------------
INFO: batch.c(729): Decoding 'an4test_clstk/mmxg/an443-mmxg-b'
INFO: cmn.c(133): CMN: 34.09  5.56 -4.53 16.38 -5.34  4.70 -1.46 -3.79 -1.36 -6.39  7.43 -5.44  2.61 
INFO: fsg_search.c(859): 62 frames, 307 HMMs (4/fr), 549 senones (8/fr), 417 history entries (6/fr)

INFO: fsg_search.c(869): fsg 0.00 CPU 0.000 xRT
INFO: fsg_search.c(871): fsg 0.00 wall 0.001 xRT
INFO: batch.c(761): an4test_clstk/mmxg/an443-mmxg-b: 0.62 seconds speech, 0.00 seconds CPU, 0.00 seconds wall
INFO: batch.c(763): an4test_clstk/mmxg/an443-mmxg-b: 0.00 xRT (CPU), 0.00 xRT (elapsed)
speech (an4test_clstk/mmxg/an443-mmxg-b -1552)
an4test_clstk/mmxg/an443-mmxg-b done --------------------------------------
INFO: batch.c(729): Decoding 'an4test_clstk/mmxg/an444-mmxg-b'
INFO: cmn.c(133): CMN: 43.08  5.22 -3.71 14.35  0.40 -6.80 -11.30 -4.57 -7.45 -2.39 -4.13  5.39 -3.73 
INFO: fsg_search.c(859): 419 frames, 2028 HMMs (4/fr), 3570 senones (8/fr), 3162 history entries (7/fr)

INFO: fsg_search.c(869): fsg 0.00 CPU 0.001 xRT
INFO: fsg_search.c(871): fsg 0.00 wall 0.001 xRT
INFO: batch.c(761): an4test_clstk/mmxg/an444-mmxg-b: 4.19 seconds speech, 0.00 seconds CPU, 0.00 seconds wall
INFO: batch.c(763): an4test_clstk/mmxg/an444-mmxg-b: 0.00 xRT (CPU), 0.00 xRT (elapsed)
speech speech speech speech speech (an4test_clstk/mmxg/an444-mmxg-b -8843)
an4test_clstk/mmxg/an444-mmxg-b done --------------------------------------
INFO: batch.c(729): Decoding 'an4test_clstk/mmxg/an445-mmxg-b'
INFO: cmn.c(133): CMN: 43.66 -0.04 -0.71 17.24 -2.44 -9.83 -10.16 -5.98 -4.44 -3.10 -3.76  4.53 -4.99 
INFO: fsg_search.c(859): 274 frames, 1365 HMMs (4/fr), 2451 senones (8/fr), 2049 history entries (7/fr)

INFO: fsg_search.c(869): fsg 0.00 CPU 0.000 xRT
INFO: fsg_search.c(871): fsg 0.00 wall 0.001 xRT
INFO: batch.c(761): an4test_clstk/mmxg/an445-mmxg-b: 2.74 seconds speech, 0.00 seconds CPU, 0.00 seconds wall
INFO: batch.c(763): an4test_clstk/mmxg/an445-mmxg-b: 0.00 xRT (CPU), 0.00 xRT (elapsed)
speech speech speech speech speech (an4test_clstk/mmxg/an445-mmxg-b -7220)
an4test_clstk/mmxg/an445-mmxg-b done --------------------------------------
INFO: batch.c(729): Decoding 'an4test_clstk/mmxg/cen1-mmxg-b'
INFO: cmn.c(133): CMN: 40.52  1.66 -1.99 20.17  2.34 -6.92 -5.88 -2.59 -6.16 -1.75 -6.46  5.25 -2.92 
INFO: fsg_search.c(859): 287 frames, 1420 HMMs (4/fr), 2538 senones (8/fr), 2019 history entries (7/fr)

INFO: fsg_search.c(869): fsg 0.00 CPU 0.001 xRT
INFO: fsg_search.c(871): fsg 0.00 wall 0.001 xRT
INFO: batch.c(761): an4test_clstk/mmxg/cen1-mmxg-b: 2.87 seconds speech, 0.00 seconds CPU, 0.00 seconds wall
INFO: batch.c(763): an4test_clstk/mmxg/cen1-mmxg-b: 0.00 xRT (CPU), 0.00 xRT (elapsed)
speech speech speech speech speech (an4test_clstk/mmxg/cen1-mmxg-b -5723)
an4test_clstk/mmxg/cen1-mmxg-b done --------------------------------------
INFO: batch.c(729): Decoding 'an4test_clstk/mmxg/cen2-mmxg-b'
INFO: cmn.c(133): CMN: 42.25  4.63 -1.07 22.75  1.31 -13.32 -7.77 -0.95 -13.94 -5.12 -6.42  4.09 -2.88 
INFO: fsg_search.c(859): 218 frames, 1087 HMMs (4/fr), 1953 senones (8/fr), 1704 history entries (7/fr)

INFO: fsg_search.c(869): fsg 0.00 CPU 0.000 xRT
INFO: fsg_search.c(871): fsg 0.00 wall 0.001 xRT
INFO: batch.c(761): an4test_clstk/mmxg/cen2-mmxg-b: 2.18 seconds speech, 0.00 seconds CPU, 0.00 seconds wall
INFO: batch.c(763): an4test_clstk/mmxg/cen2-mmxg-b: 0.00 xRT (CPU), 0.00 xRT (elapsed)
speech speech speech speech speech (an4test_clstk/mmxg/cen2-mmxg-b -5885)
an4test_clstk/mmxg/cen2-mmxg-b done --------------------------------------
INFO: batch.c(729): Decoding 'an4test_clstk/mmxg/cen3-mmxg-b'
INFO: cmn.c(133): CMN: 41.46 -1.16  3.99 20.14 -1.47 -8.67 -12.59 -3.69 -2.17 -0.14 -6.72 -0.01 -3.12 
INFO: fsg_search.c(859): 122 frames, 599 HMMs (4/fr), 1065 senones (8/fr), 879 history entries (7/fr)

INFO: fsg_search.c(869): fsg 0.00 CPU 0.003 xRT
INFO: fsg_search.c(871): fsg 0.00 wall 0.001 xRT
INFO: batch.c(761): an4test_clstk/mmxg/cen3-mmxg-b: 1.22 seconds speech, 0.00 seconds CPU, 0.00 seconds wall
INFO: batch.c(763): an4test_clstk/mmxg/cen3-mmxg-b: 0.00 xRT (CPU), 0.00 xRT (elapsed)
speech speech speech (an4test_clstk/mmxg/cen3-mmxg-b -2991)
an4test_clstk/mmxg/cen3-mmxg-b done --------------------------------------
INFO: batch.c(729): Decoding 'an4test_clstk/mmxg/cen4-mmxg-b'
INFO: cmn.c(133): CMN: 47.00 12.70 -7.50 15.14 -2.27 -11.03 -12.44 -2.11 -8.07 -1.04 -3.85  6.52 -0.06 
INFO: fsg_search.c(859): 457 frames, 2243 HMMs (4/fr), 3987 senones (8/fr), 3336 history entries (7/fr)

INFO: fsg_search.c(869): fsg 0.00 CPU 0.001 xRT
INFO: fsg_search.c(871): fsg 0.00 wall 0.001 xRT
INFO: batch.c(761): an4test_clstk/mmxg/cen4-mmxg-b: 4.57 seconds speech, 0.00 seconds CPU, 0.00 seconds wall
INFO: batch.c(763): an4test_clstk/mmxg/cen4-mmxg-b: 0.00 xRT (CPU), 0.00 xRT (elapsed)
speech speech speech speech speech speech speech speech speech (an4test_clstk/mmxg/cen4-mmxg-b -10521)
an4test_clstk/mmxg/cen4-mmxg-b done --------------------------------------
INFO: batch.c(729): Decoding 'an4test_clstk/mmxg/cen5-mmxg-b'
INFO: cmn.c(133): CMN: 42.17  1.44 -1.29 24.17  0.98 -11.07 -8.08  0.55 -7.28 -4.34 -6.58  5.70 -5.76 
INFO: fsg_search.c(859): 293 frames, 1402 HMMs (4/fr), 2448 senones (8/fr), 1773 history entries (6/fr)

INFO: fsg_search.c(869): fsg 0.00 CPU 0.000 xRT
INFO: fsg_search.c(871): fsg 0.00 wall 0.001 xRT
INFO: batch.c(761): an4test_clstk/mmxg/cen5-mmxg-b: 2.93 seconds speech, 0.00 seconds CPU, 0.00 seconds wall
INFO: batch.c(763): an4test_clstk/mmxg/cen5-mmxg-b: 0.00 xRT (CPU), 0.00 xRT (elapsed)
speech speech speech speech speech speech (an4test_clstk/mmxg/cen5-mmxg-b -6271)
an4test_clstk/mmxg/cen5-mmxg-b done --------------------------------------
INFO: batch.c(729): Decoding 'an4test_clstk/mmxg/cen6-mmxg-b'
INFO: cmn.c(133): CMN: 43.57 10.40 -3.22 10.92 -1.08 -6.47 -4.12 -3.41 -8.40 -0.18 -0.08  0.30 -7.26 
INFO: fsg_search.c(859): 191 frames, 907 HMMs (4/fr), 1575 senones (8/fr), 1170 history entries (6/fr)

INFO: fsg_search.c(869): fsg 0.00 CPU 0.002 xRT
INFO: fsg_search.c(871): fsg 0.00 wall 0.001 xRT
INFO: batch.c(761): an4test_clstk/mmxg/cen6-mmxg-b: 1.91 seconds speech, 0.00 seconds CPU, 0.00 seconds wall
INFO: batch.c(763): an4test_clstk/mmxg/cen6-mmxg-b: 0.00 xRT (CPU), 0.00 xRT (elapsed)
speech speech speech speech speech (an4test_clstk/mmxg/cen6-mmxg-b -3862)
an4test_clstk/mmxg/cen6-mmxg-b done --------------------------------------
INFO: batch.c(729): Decoding 'an4test_clstk/mmxg/cen7-mmxg-b'
INFO: cmn.c(133): CMN: 39.01  6.16  0.25  8.42 -3.44 -0.72 -7.05 -1.36 -6.84 -3.90 -3.65 -0.65  2.10 
INFO: fsg_search.c(859): 389 frames, 1886 HMMs (4/fr), 3324 senones (8/fr), 2736 history entries (7/fr)

INFO: fsg_search.c(869): fsg 0.00 CPU 0.001 xRT
INFO: fsg_search.c(871): fsg 0.00 wall 0.001 xRT
INFO: batch.c(761): an4test_clstk/mmxg/cen7-mmxg-b: 3.89 seconds speech, 0.00 seconds CPU, 0.00 seconds wall
INFO: batch.c(763): an4test_clstk/mmxg/cen7-mmxg-b: 0.00 xRT (CPU), 0.00 xRT (elapsed)
speech speech speech speech speech speech speech speech speech speech (an4test_clstk/mmxg/cen7-mmxg-b -8760)
an4test_clstk/mmxg/cen7-mmxg-b done --------------------------------------
INFO: batch.c(729): Decoding 'an4test_clstk/mmxg/cen8-mmxg-b'
INFO: cmn.c(133): CMN: 41.14  9.81 -3.76 14.22 -1.47 -3.62 -2.90 -8.57 -1.01 -9.76  0.60  1.05 -4.75 
INFO: fsg_search.c(859): 211 frames, 978 HMMs (4/fr), 1668 senones (7/fr), 1302 history entries (6/fr)

INFO: fsg_search.c(869): fsg 0.00 CPU 0.000 xRT
INFO: fsg_search.c(871): fsg 0.00 wall 0.001 xRT
INFO: batch.c(761): an4test_clstk/mmxg/cen8-mmxg-b: 2.11 seconds speech, 0.00 seconds CPU, 0.00 seconds wall
INFO: batch.c(763): an4test_clstk/mmxg/cen8-mmxg-b: 0.00 xRT (CPU), 0.00 xRT (elapsed)
speech speech speech speech speech speech (an4test_clstk/mmxg/cen8-mmxg-b -4013)
an4test_clstk/mmxg/cen8-mmxg-b done --------------------------------------
INFO: batch.c(778): TOTAL 341.13 seconds speech, 0.37 seconds CPU, 0.38 seconds wall
INFO: batch.c(780): AVERAGE 0.00 xRT (CPU), 0.00 xRT (elapsed)
INFO: fsg_search.c(265): TOTAL fsg 0.36 CPU 0.001 xRT
INFO: fsg_search.c(268): TOTAL fsg 0.36 wall 0.001 xRT
Sun Jul 30 19:04:59 2017
