Current configuration:
[NAME]		[DEFLT]	[VALUE]
-allphones	no	no
-cntthresh	0.00001	1.000000e-05
-csplitmax	100	2000
-csplitmin	1	1
-csplitthr	8e-4	0.000000e+00
-example	no	no
-fullvar	no	no
-help		no	no
-meanfn			/home/pankaj/GSoC/New_an4/an4/model_parameters/an4.cd_cont_untied/means
-mixwfn			/home/pankaj/GSoC/New_an4/an4/model_parameters/an4.cd_cont_untied/mixture_weights
-moddeffn		/home/pankaj/GSoC/New_an4/an4/model_architecture/an4.untied.mdef
-mwfloor	1e-4	1.000000e-08
-phone			sp
-psetfn			/home/pankaj/GSoC/New_an4/an4/model_architecture/an4.tree_questions
-ssplitmax	5	7
-ssplitmin	1	1
-ssplitthr	8e-4	0.000000e+00
-state			2
-stwt			1.0,0.05,0.0,
-treefn			/home/pankaj/GSoC/New_an4/an4/trees/an4.unpruned/sp-2.dtree
-ts2cbfn	.semi.	.cont.
-varfloor	0.00001	1.000000e-05
-varfn			/home/pankaj/GSoC/New_an4/an4/model_parameters/an4.cd_cont_untied/variances

INFO: main.c(223): Reading: /home/pankaj/GSoC/New_an4/an4/model_architecture/an4.untied.mdef
INFO: model_def_io.c(573): Model definition info:
INFO: model_def_io.c(574): 6 total models defined (2 base, 4 tri)
INFO: model_def_io.c(575): 24 total states
INFO: model_def_io.c(576): 18 total tied states
INFO: model_def_io.c(577): 6 total tied CI states
INFO: model_def_io.c(578): 2 total tied transition matrices
INFO: model_def_io.c(579): 4 max state/model
INFO: model_def_io.c(580): 4 min state/model
INFO: main.c(242): Building trees for [sp SIL SIL s] through [sp sp sp s]
INFO: main.c(269): Covering states |[6 17]| == 12
INFO: main.c(275): Reading: /home/pankaj/GSoC/New_an4/an4/model_parameters/an4.cd_cont_untied/mixture_weights
INFO: s3mixw_io.c(173): Read /home/pankaj/GSoC/New_an4/an4/model_parameters/an4.cd_cont_untied/mixture_weights [12x1x1 array]
INFO: main.c(311): 4 of 4 models have observation count greater than 0.000010
INFO: main.c(95): nrm stwt: 0.000 0.048 0.952 
INFO: s3gau_io.c(169): Read /home/pankaj/GSoC/New_an4/an4/model_parameters/an4.cd_cont_untied/means [18x1x1 array]
INFO: s3gau_io.c(169): Read /home/pankaj/GSoC/New_an4/an4/model_parameters/an4.cd_cont_untied/variances [18x1x1 array]
INFO: main.c(549): Reading: /home/pankaj/GSoC/New_an4/an4/model_architecture/an4.tree_questions
INFO: main.c(588): 12 total simple questions (4 phone; 8 word bndry)
INFO: main.c(590): 0 Left Only questions, and 0 Right Only questions
INFO: dtree.c(1439): stop. leaf nodes are specific
INFO: dtree.c(1478): Final simple tree
|( SILENCE -1 -1.262e+07 6.662e+03 6.138e+04
|    ( SILENCE 1 -1.950e+06 2.300e+03 9.347e+03
|        ( - -1.886e+05 1 0)
|        ( - -1.759e+06 1 0))
|    ( SILENCE 1 -1.066e+07 5.899e+03 5.203e+04
|        ( - -1.643e+06 1 0)
|        ( - -9.015e+06 1 0)))
s>    ( SILENCE -1 -1.262e+07 6.662e+03 6.138e+04
s>        ( SILENCE 1 -1.950e+06 2.300e+03 9.347e+03
s>            ( - -1.886e+05 1 0)
s>            ( - -1.759e+06 1 0))
s>        ( SILENCE 1 -1.066e+07 5.899e+03 5.203e+04
s>            ( - -1.643e+06 1 0)
s>            ( - -9.015e+06 1 0)))INFO: dtree.c(1315): Comp split 0
INFO: dtree.c(1439): stop. leaf nodes are specific
INFO: dtree.c(1478): Final simple tree
|( SILENCE 1 -1.950e+06 2.300e+03 9.347e+03
|    ( - -1.886e+05 1 0)
|    ( - -1.759e+06 1 0))
s>    ( SILENCE 1 -1.950e+06 2.300e+03 9.347e+03
s>        ( - -1.886e+05 1 0)
s>        ( - -1.759e+06 1 0))INFO: dtree.c(1439): stop. leaf nodes are specific
INFO: dtree.c(1478): Final simple tree
|( SILENCE 1 -1.066e+07 5.899e+03 5.203e+04
|    ( - -1.643e+06 1 0)
|    ( - -9.015e+06 1 0))
s>    ( SILENCE 1 -1.066e+07 5.899e+03 5.203e+04
s>        ( - -1.643e+06 1 0)
s>        ( - -9.015e+06 1 0))INFO: dtree.c(1315): Comp split 1
INFO: dtree.c(1315): Comp split 2
INFO: dtree.c(1315): Comp split 3
INFO: dtree.c(1318): stop. leaf nodes are specific
Sun Jul 30 19:03:57 2017
