Current configuration:
[NAME]		[DEFLT]	[VALUE]
-allphones	no	no
-cntthresh	0.00001	1.000000e-05
-csplitmax	100	2000
-csplitmin	1	1
-csplitthr	8e-4	0.000000e+00
-example	no	no
-fullvar	no	no
-help		no	no
-meanfn			/home/pankaj/GSoC/New_an4/an4/model_parameters/an4.cd_cont_untied/means
-mixwfn			/home/pankaj/GSoC/New_an4/an4/model_parameters/an4.cd_cont_untied/mixture_weights
-moddeffn		/home/pankaj/GSoC/New_an4/an4/model_architecture/an4.untied.mdef
-mwfloor	1e-4	1.000000e-08
-phone			sp
-psetfn			/home/pankaj/GSoC/New_an4/an4/model_architecture/an4.tree_questions
-ssplitmax	5	7
-ssplitmin	1	1
-ssplitthr	8e-4	0.000000e+00
-state			1
-stwt			1.0,0.05,0.0,
-treefn			/home/pankaj/GSoC/New_an4/an4/trees/an4.unpruned/sp-1.dtree
-ts2cbfn	.semi.	.cont.
-varfloor	0.00001	1.000000e-05
-varfn			/home/pankaj/GSoC/New_an4/an4/model_parameters/an4.cd_cont_untied/variances

INFO: main.c(223): Reading: /home/pankaj/GSoC/New_an4/an4/model_architecture/an4.untied.mdef
INFO: model_def_io.c(573): Model definition info:
INFO: model_def_io.c(574): 3 total models defined (2 base, 1 tri)
INFO: model_def_io.c(575): 12 total states
INFO: model_def_io.c(576): 9 total tied states
INFO: model_def_io.c(577): 6 total tied CI states
INFO: model_def_io.c(578): 2 total tied transition matrices
INFO: model_def_io.c(579): 4 max state/model
INFO: model_def_io.c(580): 4 min state/model
INFO: main.c(242): Building trees for [sp SIL SIL s] through [sp SIL SIL s]
INFO: main.c(269): Covering states |[6 8]| == 3
INFO: main.c(275): Reading: /home/pankaj/GSoC/New_an4/an4/model_parameters/an4.cd_cont_untied/mixture_weights
INFO: s3mixw_io.c(173): Read /home/pankaj/GSoC/New_an4/an4/model_parameters/an4.cd_cont_untied/mixture_weights [3x1x1 array]
INFO: main.c(311): 1 of 1 models have observation count greater than 0.000010
INFO: main.c(95): nrm stwt: 0.045 0.909 0.045 
INFO: s3gau_io.c(169): Read /home/pankaj/GSoC/New_an4/an4/model_parameters/an4.cd_cont_untied/means [9x1x1 array]
INFO: s3gau_io.c(169): Read /home/pankaj/GSoC/New_an4/an4/model_parameters/an4.cd_cont_untied/variances [9x1x1 array]
INFO: main.c(549): Reading: /home/pankaj/GSoC/New_an4/an4/model_architecture/an4.tree_questions
INFO: main.c(588): 12 total simple questions (4 phone; 8 word bndry)
INFO: main.c(590): 0 Left Only questions, and 0 Right Only questions
INFO: dtree.c(1315): Comp split 0
INFO: dtree.c(1325): stop. b_n->wt_ent_dec (0.000e+00) <= 0
Fri Jul 28 03:08:17 2017
