Current configuration:
[NAME]		[DEFLT]	[VALUE]
-accumdir		/home/pankaj/GSoC/New_an4/an4/bwaccumdir/an4_buff_1,
-constE		3.0	3.000000e+00
-dcountfn		
-example	no	no
-fullvar	no	no
-help		no	no
-inmeanfn		
-inmixwfn		
-invarfn		
-meanfn			/home/pankaj/GSoC/New_an4/an4/model_parameters/an4.cd_cont_untied/means
-mixwfn			/home/pankaj/GSoC/New_an4/an4/model_parameters/an4.cd_cont_untied/mixture_weights
-mmie		no	no
-oaccumdir		
-regmatfn		
-tiedvar	no	no
-tmatfn			/home/pankaj/GSoC/New_an4/an4/model_parameters/an4.cd_cont_untied/transition_matrices
-varfn			/home/pankaj/GSoC/New_an4/an4/model_parameters/an4.cd_cont_untied/variances

INFO: main.c(207): Reading and accumulating counts from /home/pankaj/GSoC/New_an4/an4/bwaccumdir/an4_buff_1
INFO: s3mixw_io.c(117): Read /home/pankaj/GSoC/New_an4/an4/bwaccumdir/an4_buff_1/mixw_counts [9x1x1 array]
INFO: s3tmat_io.c(118): Read /home/pankaj/GSoC/New_an4/an4/bwaccumdir/an4_buff_1/tmat_counts [2x3x4 array]
INFO: s3gau_io.c(386): Read /home/pankaj/GSoC/New_an4/an4/bwaccumdir/an4_buff_1/gauden_counts with means with vars (2pass) [9x1x1 vector arrays]
INFO: main.c(321): -2passvar yes
INFO: main.c(391): Normalizing mean for n_mgau= 9, n_stream= 1, n_density= 1
INFO: main.c(414): Normalizing var
INFO: s3mixw_io.c(233): Wrote /home/pankaj/GSoC/New_an4/an4/model_parameters/an4.cd_cont_untied/mixture_weights [9x1x1 array]
INFO: s3tmat_io.c(176): Wrote /home/pankaj/GSoC/New_an4/an4/model_parameters/an4.cd_cont_untied/transition_matrices [2x3x4 array]
INFO: s3gau_io.c(228): Wrote /home/pankaj/GSoC/New_an4/an4/model_parameters/an4.cd_cont_untied/means [9x1x1 array]
INFO: s3gau_io.c(228): Wrote /home/pankaj/GSoC/New_an4/an4/model_parameters/an4.cd_cont_untied/variances [9x1x1 array]
Fri Jul 28 03:08:16 2017
Current Overall Likelihood Per Frame = -154.561900809297
