Current configuration:
[NAME]		[DEFLT]	[VALUE]
-dcountfn		/home/pankaj/GSoC/New_an4/an4/model_parameters/an4.cd_cont_200/mixture_weights
-example	no	no
-fullvar	no	no
-help		no	no
-inmeanfn		/home/pankaj/GSoC/New_an4/an4/model_parameters/an4.cd_cont_200/means
-inmixwfn		/home/pankaj/GSoC/New_an4/an4/model_parameters/an4.cd_cont_200/mixture_weights
-invarfn		/home/pankaj/GSoC/New_an4/an4/model_parameters/an4.cd_cont_200/variances
-ninc		1	1
-outmeanfn		/home/pankaj/GSoC/New_an4/an4/model_parameters/an4.cd_cont_initial/means
-outmixwfn		/home/pankaj/GSoC/New_an4/an4/model_parameters/an4.cd_cont_initial/mixture_weights
-outvarfn		/home/pankaj/GSoC/New_an4/an4/model_parameters/an4.cd_cont_initial/variances

INFO: main.c(86): Reading mixing weight file /home/pankaj/GSoC/New_an4/an4/model_parameters/an4.cd_cont_200/mixture_weights.
INFO: s3mixw_io.c(117): Read /home/pankaj/GSoC/New_an4/an4/model_parameters/an4.cd_cont_200/mixture_weights [18x1x1 array]
INFO: s3gau_io.c(169): Read /home/pankaj/GSoC/New_an4/an4/model_parameters/an4.cd_cont_200/means [18x1x1 array]
INFO: s3gau_io.c(169): Read /home/pankaj/GSoC/New_an4/an4/model_parameters/an4.cd_cont_200/variances [18x1x1 array]
INFO: s3gau_io.c(553): Read /home/pankaj/GSoC/New_an4/an4/model_parameters/an4.cd_cont_200/mixture_weights [18x1x1 array]
INFO: main.c(151): output n_density == 2
0:0(1.40e+04)
1:0(2.69e+04)
2:0(2.37e+04)
3:0(7.23e+04)
4:0(4.26e+04)
5:0(6.13e+04)
6:0(4.91e+04)
7:0(1.40e+04)
8:0(7.91e+03)
9:0(1.28e+03)
10:0(7.17e+03)
11:0(2.65e+04)
12:0(7.85e+03)
13:0(1.13e+03)
14:0(8.46e+03)
15:0(8.79e+02)
16:0(4.42e+04)
17:0(7.78e+03)INFO: s3mixw_io.c(233): Wrote /home/pankaj/GSoC/New_an4/an4/model_parameters/an4.cd_cont_initial/mixture_weights [18x1x2 array]
INFO: s3gau_io.c(228): Wrote /home/pankaj/GSoC/New_an4/an4/model_parameters/an4.cd_cont_initial/means [18x1x2 array]
INFO: s3gau_io.c(228): Wrote /home/pankaj/GSoC/New_an4/an4/model_parameters/an4.cd_cont_initial/variances [18x1x2 array]

Sun Jul 30 19:04:00 2017
